2025-03-21T14:51:34.071913244Z stderr F I0321 14:51:34.071604       1 main.go:390] probe TCP address kind-control-plane:6443
2025-03-21T14:51:34.07299761Z stderr F I0321 14:51:34.072866       1 main.go:109] connected to apiserver: https://kind-control-plane:6443
2025-03-21T14:51:34.073251111Z stderr F I0321 14:51:34.073097       1 main.go:139] hostIP = 172.19.0.7
2025-03-21T14:51:34.073260056Z stderr F podIP = 172.19.0.7
2025-03-21T14:51:34.07326171Z stderr F I0321 14:51:34.073157       1 main.go:148] setting mtu 1500 for CNI 
2025-03-21T14:51:34.073262839Z stderr F I0321 14:51:34.073163       1 main.go:178] kindnetd IP family: "ipv4"
2025-03-21T14:51:34.073263973Z stderr F I0321 14:51:34.073181       1 main.go:182] noMask IPv4 subnets: [10.244.0.0/16]
2025-03-21T14:51:34.56889875Z stderr F I0321 14:51:34.568354       1 controller.go:361] Starting controller kube-network-policies
2025-03-21T14:51:34.568937786Z stderr F I0321 14:51:34.568401       1 controller.go:365] Waiting for informer caches to sync
2025-03-21T14:51:34.568945075Z stderr F I0321 14:51:34.568407       1 shared_informer.go:313] Waiting for caches to sync for kube-network-policies
2025-03-21T14:51:35.170333173Z stderr F I0321 14:51:35.168893       1 shared_informer.go:320] Caches are synced for kube-network-policies
2025-03-21T14:51:35.170359983Z stderr F I0321 14:51:35.168945       1 metrics.go:61] Registering metrics
2025-03-21T14:51:35.170362829Z stderr F I0321 14:51:35.169011       1 controller.go:401] Syncing nftables rules
2025-03-21T14:51:35.46730126Z stderr F I0321 14:51:35.467016       1 controller.go:802] error syncing nftables rules /dev/stdin:14:72-76: Error: Could not process rule: No such file or directory
2025-03-21T14:51:35.467324626Z stderr F add rule inet kindnet-network-policies postrouting ip saddr @podips-v4 queue num 101 bypass comment "process IPv4 traffic with network policy enforcement"
2025-03-21T14:51:35.467327349Z stderr F                                                                        ^^^^^
2025-03-21T14:51:35.467328504Z stderr F /dev/stdin:15:72-76: Error: Could not process rule: No such file or directory
2025-03-21T14:51:35.467329628Z stderr F add rule inet kindnet-network-policies postrouting ip daddr @podips-v4 queue num 101 bypass comment "process IPv4 traffic with network policy enforcement"
2025-03-21T14:51:35.467330729Z stderr F                                                                        ^^^^^
2025-03-21T14:51:35.467331829Z stderr F /dev/stdin:16:73-77: Error: Could not process rule: No such file or directory
2025-03-21T14:51:35.467332947Z stderr F add rule inet kindnet-network-policies postrouting ip6 saddr @podips-v6 queue num 101 bypass comment "process IPv6 traffic with network policy enforcement"
2025-03-21T14:51:35.467334179Z stderr F                                                                         ^^^^^
2025-03-21T14:51:35.467335279Z stderr F /dev/stdin:17:73-77: Error: Could not process rule: No such file or directory
2025-03-21T14:51:35.467336387Z stderr F add rule inet kindnet-network-policies postrouting ip6 daddr @podips-v6 queue num 101 bypass comment "process IPv6 traffic with network policy enforcement"
2025-03-21T14:51:35.467337495Z stderr F                                                                         ^^^^^
2025-03-21T14:51:35.467338581Z stderr F /dev/stdin:20:84-88: Error: Could not process rule: No such file or directory
2025-03-21T14:51:35.467340227Z stderr F add rule inet kindnet-network-policies prerouting ip saddr @podips-v4 udp dport 53 queue num 101 bypass comment "process IPv4 traffic destined to a DNS server with network policy enforcement"
2025-03-21T14:51:35.467342134Z stderr F                                                                                    ^^^^^
2025-03-21T14:51:35.467343744Z stderr F /dev/stdin:21:84-88: Error: Could not process rule: No such file or directory
2025-03-21T14:51:35.467344935Z stderr F add rule inet kindnet-network-policies prerouting ip daddr @podips-v4 udp dport 53 queue num 101 bypass comment "process IPv4 traffic destined to a DNS server with network policy enforcement"
2025-03-21T14:51:35.467355798Z stderr F                                                                                    ^^^^^
2025-03-21T14:51:35.467357007Z stderr F /dev/stdin:22:85-89: Error: Could not process rule: No such file or directory
2025-03-21T14:51:35.467358267Z stderr F add rule inet kindnet-network-policies prerouting ip6 saddr @podips-v6 udp dport 53 queue num 101 bypass comment "process IPv6 traffic destined to a DNS server with network policy enforcement"
2025-03-21T14:51:35.467359434Z stderr F                                                                                     ^^^^^
2025-03-21T14:51:35.467360543Z stderr F /dev/stdin:23:85-89: Error: Could not process rule: No such file or directory
2025-03-21T14:51:35.467361674Z stderr F add rule inet kindnet-network-policies prerouting ip6 daddr @podips-v6 udp dport 53 queue num 101 bypass comment "process IPv6 traffic destined to a DNS server with network policy enforcement"
2025-03-21T14:51:35.467362845Z stderr F                                                                                     ^^^^^
2025-03-21T14:51:44.572260099Z stderr F I0321 14:51:44.572100       1 main.go:297] Handling node with IPs: map[172.19.0.7:{}]
2025-03-21T14:51:44.572286064Z stderr F I0321 14:51:44.572138       1 main.go:301] handling current node
