Mar 21 14:51:17 kind-control-plane systemd[1]: Starting containerd.service - containerd container runtime...
Mar 21 14:51:17 kind-control-plane containerd[178]: time="2025-03-21T14:51:17.464266574Z" level=info msg="starting containerd" revision=c507a0257ea6462fbd6f5ba4f5c74facb04021f4 version=v2.0.2
Mar 21 14:51:17 kind-control-plane containerd[178]: time="2025-03-21T14:51:17.472119642Z" level=warning msg="Configuration migrated from version 2, use `containerd config migrate` to avoid migration" t="331.678µs"
Mar 21 14:51:17 kind-control-plane containerd[178]: time="2025-03-21T14:51:17.472199328Z" level=info msg="loading plugin" id=io.containerd.image-verifier.v1.bindir type=io.containerd.image-verifier.v1
Mar 21 14:51:17 kind-control-plane containerd[178]: time="2025-03-21T14:51:17.472216930Z" level=info msg="loading plugin" id=io.containerd.internal.v1.opt type=io.containerd.internal.v1
Mar 21 14:51:17 kind-control-plane containerd[178]: time="2025-03-21T14:51:17.472363368Z" level=info msg="loading plugin" id=io.containerd.warning.v1.deprecations type=io.containerd.warning.v1
Mar 21 14:51:17 kind-control-plane containerd[178]: time="2025-03-21T14:51:17.472382267Z" level=info msg="loading plugin" id=io.containerd.content.v1.content type=io.containerd.content.v1
Mar 21 14:51:17 kind-control-plane containerd[178]: time="2025-03-21T14:51:17.472749088Z" level=info msg="loading plugin" id=io.containerd.snapshotter.v1.blockfile type=io.containerd.snapshotter.v1
Mar 21 14:51:17 kind-control-plane containerd[178]: time="2025-03-21T14:51:17.472820650Z" level=info msg="skip loading plugin" error="no scratch file generator: skip plugin" id=io.containerd.snapshotter.v1.blockfile type=io.containerd.snapshotter.v1
Mar 21 14:51:17 kind-control-plane containerd[178]: time="2025-03-21T14:51:17.472829087Z" level=info msg="loading plugin" id=io.containerd.snapshotter.v1.native type=io.containerd.snapshotter.v1
Mar 21 14:51:17 kind-control-plane containerd[178]: time="2025-03-21T14:51:17.472871625Z" level=info msg="loading plugin" id=io.containerd.snapshotter.v1.overlayfs type=io.containerd.snapshotter.v1
Mar 21 14:51:17 kind-control-plane containerd[178]: time="2025-03-21T14:51:17.487926142Z" level=info msg="loading plugin" id=io.containerd.event.v1.exchange type=io.containerd.event.v1
Mar 21 14:51:17 kind-control-plane containerd[178]: time="2025-03-21T14:51:17.488078819Z" level=info msg="loading plugin" id=io.containerd.monitor.task.v1.cgroups type=io.containerd.monitor.task.v1
Mar 21 14:51:17 kind-control-plane containerd[178]: time="2025-03-21T14:51:17.490012755Z" level=info msg="loading plugin" id=io.containerd.snapshotter.v1.fuse-overlayfs type=io.containerd.snapshotter.v1
Mar 21 14:51:17 kind-control-plane containerd[178]: time="2025-03-21T14:51:17.490465103Z" level=info msg="loading plugin" id=io.containerd.metadata.v1.bolt type=io.containerd.metadata.v1
Mar 21 14:51:17 kind-control-plane containerd[178]: time="2025-03-21T14:51:17.490522912Z" level=info msg="metadata content store policy set" policy=shared
Mar 21 14:51:17 kind-control-plane containerd[178]: time="2025-03-21T14:51:17.492106660Z" level=info msg="loading plugin" id=io.containerd.gc.v1.scheduler type=io.containerd.gc.v1
Mar 21 14:51:17 kind-control-plane containerd[178]: time="2025-03-21T14:51:17.492287116Z" level=info msg="loading plugin" id=io.containerd.differ.v1.walking type=io.containerd.differ.v1
Mar 21 14:51:17 kind-control-plane containerd[178]: time="2025-03-21T14:51:17.492310929Z" level=info msg="loading plugin" id=io.containerd.lease.v1.manager type=io.containerd.lease.v1
Mar 21 14:51:17 kind-control-plane containerd[178]: time="2025-03-21T14:51:17.492366419Z" level=info msg="loading plugin" id=io.containerd.service.v1.containers-service type=io.containerd.service.v1
Mar 21 14:51:17 kind-control-plane containerd[178]: time="2025-03-21T14:51:17.492393996Z" level=info msg="loading plugin" id=io.containerd.service.v1.content-service type=io.containerd.service.v1
Mar 21 14:51:17 kind-control-plane containerd[178]: time="2025-03-21T14:51:17.492413601Z" level=info msg="loading plugin" id=io.containerd.service.v1.diff-service type=io.containerd.service.v1
Mar 21 14:51:17 kind-control-plane containerd[178]: time="2025-03-21T14:51:17.492433601Z" level=info msg="loading plugin" id=io.containerd.service.v1.images-service type=io.containerd.service.v1
Mar 21 14:51:17 kind-control-plane containerd[178]: time="2025-03-21T14:51:17.492444390Z" level=info msg="loading plugin" id=io.containerd.service.v1.introspection-service type=io.containerd.service.v1
Mar 21 14:51:17 kind-control-plane containerd[178]: time="2025-03-21T14:51:17.492464255Z" level=info msg="loading plugin" id=io.containerd.service.v1.namespaces-service type=io.containerd.service.v1
Mar 21 14:51:17 kind-control-plane containerd[178]: time="2025-03-21T14:51:17.492473326Z" level=info msg="loading plugin" id=io.containerd.service.v1.snapshots-service type=io.containerd.service.v1
Mar 21 14:51:17 kind-control-plane containerd[178]: time="2025-03-21T14:51:17.492478939Z" level=info msg="loading plugin" id=io.containerd.shim.v1.manager type=io.containerd.shim.v1
Mar 21 14:51:17 kind-control-plane containerd[178]: time="2025-03-21T14:51:17.492497022Z" level=info msg="loading plugin" id=io.containerd.runtime.v2.task type=io.containerd.runtime.v2
Mar 21 14:51:17 kind-control-plane containerd[178]: time="2025-03-21T14:51:17.492654715Z" level=info msg="loading plugin" id=io.containerd.service.v1.tasks-service type=io.containerd.service.v1
Mar 21 14:51:17 kind-control-plane containerd[178]: time="2025-03-21T14:51:17.492709886Z" level=info msg="loading plugin" id=io.containerd.grpc.v1.containers type=io.containerd.grpc.v1
Mar 21 14:51:17 kind-control-plane containerd[178]: time="2025-03-21T14:51:17.492753504Z" level=info msg="loading plugin" id=io.containerd.grpc.v1.content type=io.containerd.grpc.v1
Mar 21 14:51:17 kind-control-plane containerd[178]: time="2025-03-21T14:51:17.492785251Z" level=info msg="loading plugin" id=io.containerd.grpc.v1.diff type=io.containerd.grpc.v1
Mar 21 14:51:17 kind-control-plane containerd[178]: time="2025-03-21T14:51:17.492801420Z" level=info msg="loading plugin" id=io.containerd.grpc.v1.events type=io.containerd.grpc.v1
Mar 21 14:51:17 kind-control-plane containerd[178]: time="2025-03-21T14:51:17.492819740Z" level=info msg="loading plugin" id=io.containerd.grpc.v1.images type=io.containerd.grpc.v1
Mar 21 14:51:17 kind-control-plane containerd[178]: time="2025-03-21T14:51:17.492830777Z" level=info msg="loading plugin" id=io.containerd.grpc.v1.introspection type=io.containerd.grpc.v1
Mar 21 14:51:17 kind-control-plane containerd[178]: time="2025-03-21T14:51:17.492841654Z" level=info msg="loading plugin" id=io.containerd.grpc.v1.leases type=io.containerd.grpc.v1
Mar 21 14:51:17 kind-control-plane containerd[178]: time="2025-03-21T14:51:17.492849408Z" level=info msg="loading plugin" id=io.containerd.grpc.v1.namespaces type=io.containerd.grpc.v1
Mar 21 14:51:17 kind-control-plane containerd[178]: time="2025-03-21T14:51:17.492855595Z" level=info msg="loading plugin" id=io.containerd.sandbox.store.v1.local type=io.containerd.sandbox.store.v1
Mar 21 14:51:17 kind-control-plane containerd[178]: time="2025-03-21T14:51:17.492875304Z" level=info msg="loading plugin" id=io.containerd.cri.v1.images type=io.containerd.cri.v1
Mar 21 14:51:17 kind-control-plane containerd[178]: time="2025-03-21T14:51:17.493570085Z" level=info msg="Get image filesystem path \"/var/lib/containerd/io.containerd.snapshotter.v1.overlayfs\" for snapshotter \"overlayfs\""
Mar 21 14:51:17 kind-control-plane containerd[178]: time="2025-03-21T14:51:17.493617067Z" level=info msg="Start snapshots syncer"
Mar 21 14:51:17 kind-control-plane containerd[178]: time="2025-03-21T14:51:17.493703231Z" level=info msg="loading plugin" id=io.containerd.cri.v1.runtime type=io.containerd.cri.v1
Mar 21 14:51:17 kind-control-plane containerd[178]: time="2025-03-21T14:51:17.494046016Z" level=warning msg="Ignoring unknown key in TOML for plugin" error="strict mode: fields in the document are missing in the target struct" key=tolerate_missing_hugepages_controller plugin=io.containerd.cri.v1.runtime
Mar 21 14:51:17 kind-control-plane containerd[178]: time="2025-03-21T14:51:17.494409714Z" level=info msg="starting cri plugin" config="{\"containerd\":{\"defaultRuntimeName\":\"runc\",\"runtimes\":{\"runc\":{\"runtimeType\":\"io.containerd.runc.v2\",\"runtimePath\":\"\",\"PodAnnotations\":null,\"ContainerAnnotations\":null,\"options\":{\"BinaryName\":\"\",\"CriuImagePath\":\"\",\"CriuWorkPath\":\"\",\"IoGid\":0,\"IoUid\":0,\"NoNewKeyring\":false,\"Root\":\"\",\"ShimCgroup\":\"\",\"SystemdCgroup\":true},\"privileged_without_host_devices\":false,\"privileged_without_host_devices_all_devices_allowed\":false,\"baseRuntimeSpec\":\"/etc/containerd/cri-base.json\",\"cniConfDir\":\"\",\"cniMaxConfNum\":0,\"snapshotter\":\"\",\"sandboxer\":\"podsandbox\",\"io_type\":\"\"},\"test-handler\":{\"runtimeType\":\"io.containerd.runc.v2\",\"runtimePath\":\"\",\"PodAnnotations\":null,\"ContainerAnnotations\":null,\"options\":{\"SystemdCgroup\":true},\"privileged_without_host_devices\":false,\"privileged_without_host_devices_all_devices_allowed\":false,\"baseRuntimeSpec\":\"/etc/containerd/cri-base.json\",\"cniConfDir\":\"\",\"cniMaxConfNum\":0,\"snapshotter\":\"\",\"sandboxer\":\"podsandbox\",\"io_type\":\"\"}},\"ignoreBlockIONotEnabledErrors\":false,\"ignoreRdtNotEnabledErrors\":false},\"cni\":{\"binDir\":\"/opt/cni/bin\",\"confDir\":\"/etc/cni/net.d\",\"maxConfNum\":1,\"setupSerially\":false,\"confTemplate\":\"\",\"ipPref\":\"\",\"useInternalLoopback\":false},\"enableSelinux\":false,\"selinuxCategoryRange\":1024,\"maxContainerLogSize\":16384,\"disableApparmor\":false,\"restrictOOMScoreAdj\":false,\"disableProcMount\":false,\"unsetSeccompProfile\":\"\",\"tolerateMissingHugetlbController\":true,\"disableHugetlbController\":true,\"device_ownership_from_security_context\":false,\"ignoreImageDefinedVolumes\":false,\"netnsMountsUnderStateDir\":false,\"enableUnprivilegedPorts\":true,\"enableUnprivilegedICMP\":true,\"enableCDI\":true,\"cdiSpecDirs\":[\"/etc/cdi\",\"/var/run/cdi\"],\"drainExecSyncIOTimeout\":\"0s\",\"ignoreDeprecationWarnings\":null,\"containerdRootDir\":\"/var/lib/containerd\",\"containerdEndpoint\":\"/run/containerd/containerd.sock\",\"rootDir\":\"/var/lib/containerd/io.containerd.grpc.v1.cri\",\"stateDir\":\"/run/containerd/io.containerd.grpc.v1.cri\"}"
Mar 21 14:51:17 kind-control-plane containerd[178]: time="2025-03-21T14:51:17.495971840Z" level=info msg="loading plugin" id=io.containerd.podsandbox.controller.v1.podsandbox type=io.containerd.podsandbox.controller.v1
Mar 21 14:51:17 kind-control-plane containerd[178]: time="2025-03-21T14:51:17.496445827Z" level=info msg="loading plugin" id=io.containerd.sandbox.controller.v1.shim type=io.containerd.sandbox.controller.v1
Mar 21 14:51:17 kind-control-plane containerd[178]: time="2025-03-21T14:51:17.496540720Z" level=info msg="loading plugin" id=io.containerd.grpc.v1.sandbox-controllers type=io.containerd.grpc.v1
Mar 21 14:51:17 kind-control-plane containerd[178]: time="2025-03-21T14:51:17.496560690Z" level=info msg="loading plugin" id=io.containerd.grpc.v1.sandboxes type=io.containerd.grpc.v1
Mar 21 14:51:17 kind-control-plane containerd[178]: time="2025-03-21T14:51:17.496569847Z" level=info msg="loading plugin" id=io.containerd.grpc.v1.snapshots type=io.containerd.grpc.v1
Mar 21 14:51:17 kind-control-plane containerd[178]: time="2025-03-21T14:51:17.496575850Z" level=info msg="loading plugin" id=io.containerd.streaming.v1.manager type=io.containerd.streaming.v1
Mar 21 14:51:17 kind-control-plane containerd[178]: time="2025-03-21T14:51:17.496624198Z" level=info msg="loading plugin" id=io.containerd.grpc.v1.streaming type=io.containerd.grpc.v1
Mar 21 14:51:17 kind-control-plane containerd[178]: time="2025-03-21T14:51:17.496633540Z" level=info msg="loading plugin" id=io.containerd.grpc.v1.tasks type=io.containerd.grpc.v1
Mar 21 14:51:17 kind-control-plane containerd[178]: time="2025-03-21T14:51:17.496640230Z" level=info msg="loading plugin" id=io.containerd.transfer.v1.local type=io.containerd.transfer.v1
Mar 21 14:51:17 kind-control-plane containerd[178]: time="2025-03-21T14:51:17.496661724Z" level=info msg="loading plugin" id=io.containerd.grpc.v1.transfer type=io.containerd.grpc.v1
Mar 21 14:51:17 kind-control-plane containerd[178]: time="2025-03-21T14:51:17.496673551Z" level=info msg="loading plugin" id=io.containerd.grpc.v1.version type=io.containerd.grpc.v1
Mar 21 14:51:17 kind-control-plane containerd[178]: time="2025-03-21T14:51:17.496681822Z" level=info msg="loading plugin" id=io.containerd.monitor.container.v1.restart type=io.containerd.monitor.container.v1
Mar 21 14:51:17 kind-control-plane containerd[178]: time="2025-03-21T14:51:17.496736407Z" level=info msg="loading plugin" id=io.containerd.tracing.processor.v1.otlp type=io.containerd.tracing.processor.v1
Mar 21 14:51:17 kind-control-plane containerd[178]: time="2025-03-21T14:51:17.496746395Z" level=info msg="skip loading plugin" error="skip plugin: tracing endpoint not configured" id=io.containerd.tracing.processor.v1.otlp type=io.containerd.tracing.processor.v1
Mar 21 14:51:17 kind-control-plane containerd[178]: time="2025-03-21T14:51:17.496763411Z" level=info msg="loading plugin" id=io.containerd.internal.v1.tracing type=io.containerd.internal.v1
Mar 21 14:51:17 kind-control-plane containerd[178]: time="2025-03-21T14:51:17.496782118Z" level=info msg="skip loading plugin" error="skip plugin: tracing endpoint not configured" id=io.containerd.internal.v1.tracing type=io.containerd.internal.v1
Mar 21 14:51:17 kind-control-plane containerd[178]: time="2025-03-21T14:51:17.496788257Z" level=info msg="loading plugin" id=io.containerd.ttrpc.v1.otelttrpc type=io.containerd.ttrpc.v1
Mar 21 14:51:17 kind-control-plane containerd[178]: time="2025-03-21T14:51:17.496793922Z" level=info msg="loading plugin" id=io.containerd.grpc.v1.healthcheck type=io.containerd.grpc.v1
Mar 21 14:51:17 kind-control-plane containerd[178]: time="2025-03-21T14:51:17.496812680Z" level=info msg="loading plugin" id=io.containerd.nri.v1.nri type=io.containerd.nri.v1
Mar 21 14:51:17 kind-control-plane containerd[178]: time="2025-03-21T14:51:17.496993964Z" level=info msg="runtime interface created"
Mar 21 14:51:17 kind-control-plane containerd[178]: time="2025-03-21T14:51:17.497017342Z" level=info msg="created NRI interface"
Mar 21 14:51:17 kind-control-plane containerd[178]: time="2025-03-21T14:51:17.497032893Z" level=info msg="loading plugin" id=io.containerd.grpc.v1.cri type=io.containerd.grpc.v1
Mar 21 14:51:17 kind-control-plane containerd[178]: time="2025-03-21T14:51:17.497049000Z" level=info msg="Connect containerd service"
Mar 21 14:51:17 kind-control-plane containerd[178]: time="2025-03-21T14:51:17.497519291Z" level=info msg="using experimental NRI integration - disable nri plugin to prevent this"
Mar 21 14:51:17 kind-control-plane containerd[178]: time="2025-03-21T14:51:17.499404050Z" level=error msg="failed to load cni during init, please check CRI plugin status before setting up network for pods" error="cni config load failed: no network config found in /etc/cni/net.d: cni plugin not initialized: failed to load cni config"
Mar 21 14:51:17 kind-control-plane containerd[178]: time="2025-03-21T14:51:17.549065500Z" level=info msg="Start subscribing containerd event"
Mar 21 14:51:17 kind-control-plane containerd[178]: time="2025-03-21T14:51:17.549199576Z" level=info msg="Start recovering state"
Mar 21 14:51:17 kind-control-plane containerd[178]: time="2025-03-21T14:51:17.549403716Z" level=info msg=serving... address=/run/containerd/containerd.sock.ttrpc
Mar 21 14:51:17 kind-control-plane containerd[178]: time="2025-03-21T14:51:17.549479196Z" level=info msg=serving... address=/run/containerd/containerd.sock
Mar 21 14:51:17 kind-control-plane containerd[178]: time="2025-03-21T14:51:17.553640663Z" level=warning msg="The image docker.io/kindest/kindnetd:v20250214-acbabc1a is not unpacked."
Mar 21 14:51:17 kind-control-plane containerd[178]: time="2025-03-21T14:51:17.553787072Z" level=warning msg="The image sha256:873ed75102791e5b0b8a7fcd41606c92fcec98d56d05ead4ac5131650004c136 is not unpacked."
Mar 21 14:51:17 kind-control-plane containerd[178]: time="2025-03-21T14:51:17.554098237Z" level=warning msg="The image registry.k8s.io/kube-proxy-amd64:v1.32.2 is not unpacked."
Mar 21 14:51:17 kind-control-plane containerd[178]: time="2025-03-21T14:51:17.555092763Z" level=warning msg="The image registry.k8s.io/kube-apiserver-amd64:v1.32.2 is not unpacked."
Mar 21 14:51:17 kind-control-plane containerd[178]: time="2025-03-21T14:51:17.555487571Z" level=warning msg="The image registry.k8s.io/pause:3.10 is not unpacked."
Mar 21 14:51:17 kind-control-plane containerd[178]: time="2025-03-21T14:51:17.555609395Z" level=warning msg="The image registry.k8s.io/kube-scheduler-amd64:v1.32.2 is not unpacked."
Mar 21 14:51:17 kind-control-plane containerd[178]: time="2025-03-21T14:51:17.555711411Z" level=warning msg="The image sha256:bbb6209cc873b9b4095bd014b4687512eea2bd7b246f9ec06f4f6f0be14d9fb6 is not unpacked."
Mar 21 14:51:17 kind-control-plane containerd[178]: time="2025-03-21T14:51:17.556054368Z" level=warning msg="The image sha256:f1332858868e1c6a905123b21e2e322ab45a5b99a3532e68ff49a87c2266ebc5 is not unpacked."
Mar 21 14:51:17 kind-control-plane containerd[178]: time="2025-03-21T14:51:17.557823441Z" level=warning msg="The image registry.k8s.io/kube-proxy:v1.32.2 is not unpacked."
Mar 21 14:51:17 kind-control-plane containerd[178]: time="2025-03-21T14:51:17.557831144Z" level=warning msg="The image registry.k8s.io/kube-apiserver:v1.32.2 is not unpacked."
Mar 21 14:51:17 kind-control-plane containerd[178]: time="2025-03-21T14:51:17.558189080Z" level=warning msg="The image docker.io/kindest/local-path-helper:v20241212-8ac705d0 is not unpacked."
Mar 21 14:51:17 kind-control-plane containerd[178]: time="2025-03-21T14:51:17.558255080Z" level=warning msg="The image registry.k8s.io/etcd:3.5.16-0 is not unpacked."
Mar 21 14:51:17 kind-control-plane containerd[178]: time="2025-03-21T14:51:17.558223553Z" level=warning msg="The image registry.k8s.io/kube-scheduler:v1.32.2 is not unpacked."
Mar 21 14:51:17 kind-control-plane containerd[178]: time="2025-03-21T14:51:17.558302681Z" level=warning msg="The image sha256:df3849d954c98a7162c7bee7313ece357606e313d98ebd68b7aac5e961b1156f is not unpacked."
Mar 21 14:51:17 kind-control-plane containerd[178]: time="2025-03-21T14:51:17.558322176Z" level=warning msg="The image sha256:85b7a174738baecbc53029b7913cd430a2060e0cbdb5f56c7957d32ff7f241ef is not unpacked."
Mar 21 14:51:17 kind-control-plane containerd[178]: time="2025-03-21T14:51:17.558467124Z" level=warning msg="The image sha256:d8e673e7c9983f1f53569a9d2ba786c8abb42e3f744f77dc97a595f3caf9435d is not unpacked."
Mar 21 14:51:17 kind-control-plane containerd[178]: time="2025-03-21T14:51:17.558505579Z" level=warning msg="The image registry.k8s.io/kube-controller-manager:v1.32.2 is not unpacked."
Mar 21 14:51:17 kind-control-plane containerd[178]: time="2025-03-21T14:51:17.558693555Z" level=warning msg="The image sha256:baa0d31514ee559c8962d6469a23315bcc8342cbbc1eccc49fa803dcd9653cb7 is not unpacked."
Mar 21 14:51:17 kind-control-plane containerd[178]: time="2025-03-21T14:51:17.558913966Z" level=warning msg="The image sha256:a9e7e6b294baf1695fccb862d956c5d3ad8510e1e4ca1535f35dc09f247abbfc is not unpacked."
Mar 21 14:51:17 kind-control-plane containerd[178]: time="2025-03-21T14:51:17.558917750Z" level=warning msg="The image registry.k8s.io/kube-controller-manager-amd64:v1.32.2 is not unpacked."
Mar 21 14:51:17 kind-control-plane containerd[178]: time="2025-03-21T14:51:17.559051015Z" level=warning msg="The image docker.io/kindest/local-path-provisioner:v20250214-acbabc1a is not unpacked."
Mar 21 14:51:17 kind-control-plane containerd[178]: time="2025-03-21T14:51:17.559157377Z" level=warning msg="The image sha256:b6a454c5a800d201daacead6ff195ec6049fe6dc086621b0670bca912efaf389 is not unpacked."
Mar 21 14:51:17 kind-control-plane containerd[178]: time="2025-03-21T14:51:17.559175433Z" level=warning msg="The image sha256:c69fa2e9cbf5f42dc48af631e956d3f95724c13f91596bc567591790e5e36db6 is not unpacked."
Mar 21 14:51:17 kind-control-plane containerd[178]: time="2025-03-21T14:51:17.559251186Z" level=warning msg="The image registry.k8s.io/coredns/coredns:v1.11.3 is not unpacked."
Mar 21 14:51:17 kind-control-plane containerd[178]: time="2025-03-21T14:51:17.569447470Z" level=info msg="Start event monitor"
Mar 21 14:51:17 kind-control-plane containerd[178]: time="2025-03-21T14:51:17.569507018Z" level=info msg="Start cni network conf syncer for default"
Mar 21 14:51:17 kind-control-plane containerd[178]: time="2025-03-21T14:51:17.569527875Z" level=info msg="Start streaming server"
Mar 21 14:51:17 kind-control-plane containerd[178]: time="2025-03-21T14:51:17.569578092Z" level=info msg="Registered namespace \"k8s.io\" with NRI"
Mar 21 14:51:17 kind-control-plane containerd[178]: time="2025-03-21T14:51:17.569584917Z" level=info msg="runtime interface starting up..."
Mar 21 14:51:17 kind-control-plane containerd[178]: time="2025-03-21T14:51:17.569599520Z" level=info msg="starting plugins..."
Mar 21 14:51:17 kind-control-plane containerd[178]: time="2025-03-21T14:51:17.569672534Z" level=info msg="Synchronizing NRI (plugin) with current runtime state"
Mar 21 14:51:17 kind-control-plane containerd[178]: time="2025-03-21T14:51:17.569950937Z" level=info msg="containerd successfully booted in 0.107370s"
Mar 21 14:51:17 kind-control-plane systemd[1]: Started containerd.service - containerd container runtime.
Mar 21 14:51:21 kind-control-plane containerd[178]: time="2025-03-21T14:51:21.073505688Z" level=info msg="RunPodSandbox for &PodSandboxMetadata{Name:kube-scheduler-kind-control-plane,Uid:e466f1f8e9429967fe50820f5857e823,Namespace:kube-system,Attempt:0,}"
Mar 21 14:51:21 kind-control-plane containerd[178]: time="2025-03-21T14:51:21.079262479Z" level=info msg="RunPodSandbox for &PodSandboxMetadata{Name:kube-controller-manager-kind-control-plane,Uid:e4fca0816c3adbeece94dfb70e7cae93,Namespace:kube-system,Attempt:0,}"
Mar 21 14:51:21 kind-control-plane containerd[178]: time="2025-03-21T14:51:21.083512822Z" level=info msg="RunPodSandbox for &PodSandboxMetadata{Name:kube-apiserver-kind-control-plane,Uid:9566ae975d467746cc50ef4e5d5d0862,Namespace:kube-system,Attempt:0,}"
Mar 21 14:51:21 kind-control-plane containerd[178]: time="2025-03-21T14:51:21.087089852Z" level=info msg="RunPodSandbox for &PodSandboxMetadata{Name:etcd-kind-control-plane,Uid:dd131b44f2cb818f764811cd71cc66de,Namespace:kube-system,Attempt:0,}"
Mar 21 14:51:21 kind-control-plane containerd[178]: time="2025-03-21T14:51:21.215875038Z" level=info msg="connecting to shim 641b332fd236c1a007984d3dd1e056c816f2b70d944c14189f69cebc2637dca4" address="unix:///run/containerd/s/4db9ecb0c16815aa90e99b4c68734664c42d04bb1bf7e96d0d5bfdaccae08ba2" namespace=k8s.io protocol=ttrpc version=3
Mar 21 14:51:21 kind-control-plane containerd[178]: time="2025-03-21T14:51:21.221447148Z" level=info msg="connecting to shim 8639e8409b81ff0521c46b530cb38830e2634da2fe163bc0d372e06455c64646" address="unix:///run/containerd/s/45521b7eac92bccb255da416aa11a934e6e4a03df36073ce5470907d25447870" namespace=k8s.io protocol=ttrpc version=3
Mar 21 14:51:21 kind-control-plane containerd[178]: time="2025-03-21T14:51:21.227282454Z" level=info msg="connecting to shim 5b6518db3db2e34648fe5a25fadb2442b5de1bc3510f29a900efdabc0023dbdc" address="unix:///run/containerd/s/bf7e22110eef2b2c30787878fb41e4eec230b80088b3cf91c58156198bc846d1" namespace=k8s.io protocol=ttrpc version=3
Mar 21 14:51:21 kind-control-plane containerd[178]: time="2025-03-21T14:51:21.233099136Z" level=info msg="connecting to shim 0218e0095bb96af8ed016d30a62f1680b45dba9eb662d4074372e7cd7c192e9e" address="unix:///run/containerd/s/51b524159cb87fc17e68499e21ca54b1b28b2315e0f89fcdcaa6de14e469ad30" namespace=k8s.io protocol=ttrpc version=3
Mar 21 14:51:21 kind-control-plane containerd[178]: time="2025-03-21T14:51:21.306815908Z" level=error msg="loading cgroup for 469" error="cgroups: cannot find cgroup mount destination" runtime=io.containerd.runc.v2
Mar 21 14:51:21 kind-control-plane containerd[178]: time="2025-03-21T14:51:21.309349048Z" level=error msg="loading cgroup for 477" error="cgroups: cannot find cgroup mount destination" runtime=io.containerd.runc.v2
Mar 21 14:51:21 kind-control-plane containerd[178]: time="2025-03-21T14:51:21.310199093Z" level=error msg="loading cgroup for 484" error="cgroups: cannot find cgroup mount destination" runtime=io.containerd.runc.v2
Mar 21 14:51:21 kind-control-plane containerd[178]: time="2025-03-21T14:51:21.316150870Z" level=error msg="loading cgroup for 491" error="cgroups: cannot find cgroup mount destination" runtime=io.containerd.runc.v2
Mar 21 14:51:21 kind-control-plane containerd[178]: time="2025-03-21T14:51:21.318904682Z" level=error msg="loading cgroup for 469" error="cgroups: cannot find cgroup mount destination" runtime=io.containerd.runc.v2
Mar 21 14:51:21 kind-control-plane containerd[178]: time="2025-03-21T14:51:21.320613189Z" level=error msg="loading cgroup for 477" error="cgroups: cannot find cgroup mount destination" runtime=io.containerd.runc.v2
Mar 21 14:51:21 kind-control-plane containerd[178]: time="2025-03-21T14:51:21.321104820Z" level=error msg="loading cgroup for 484" error="cgroups: cannot find cgroup mount destination" runtime=io.containerd.runc.v2
Mar 21 14:51:21 kind-control-plane containerd[178]: time="2025-03-21T14:51:21.325575068Z" level=error msg="loading cgroup for 491" error="cgroups: cannot find cgroup mount destination" runtime=io.containerd.runc.v2
Mar 21 14:51:21 kind-control-plane containerd[178]: time="2025-03-21T14:51:21.326690413Z" level=info msg="RunPodSandbox for &PodSandboxMetadata{Name:kube-scheduler-kind-control-plane,Uid:e466f1f8e9429967fe50820f5857e823,Namespace:kube-system,Attempt:0,} returns sandbox id \"641b332fd236c1a007984d3dd1e056c816f2b70d944c14189f69cebc2637dca4\""
Mar 21 14:51:21 kind-control-plane containerd[178]: time="2025-03-21T14:51:21.327060978Z" level=info msg="RunPodSandbox for &PodSandboxMetadata{Name:kube-apiserver-kind-control-plane,Uid:9566ae975d467746cc50ef4e5d5d0862,Namespace:kube-system,Attempt:0,} returns sandbox id \"5b6518db3db2e34648fe5a25fadb2442b5de1bc3510f29a900efdabc0023dbdc\""
Mar 21 14:51:21 kind-control-plane containerd[178]: time="2025-03-21T14:51:21.329659859Z" level=info msg="RunPodSandbox for &PodSandboxMetadata{Name:etcd-kind-control-plane,Uid:dd131b44f2cb818f764811cd71cc66de,Namespace:kube-system,Attempt:0,} returns sandbox id \"8639e8409b81ff0521c46b530cb38830e2634da2fe163bc0d372e06455c64646\""
Mar 21 14:51:21 kind-control-plane containerd[178]: time="2025-03-21T14:51:21.331863354Z" level=info msg="CreateContainer within sandbox \"5b6518db3db2e34648fe5a25fadb2442b5de1bc3510f29a900efdabc0023dbdc\" for container &ContainerMetadata{Name:kube-apiserver,Attempt:0,}"
Mar 21 14:51:21 kind-control-plane containerd[178]: time="2025-03-21T14:51:21.331878937Z" level=info msg="CreateContainer within sandbox \"641b332fd236c1a007984d3dd1e056c816f2b70d944c14189f69cebc2637dca4\" for container &ContainerMetadata{Name:kube-scheduler,Attempt:0,}"
Mar 21 14:51:21 kind-control-plane containerd[178]: time="2025-03-21T14:51:21.332926896Z" level=info msg="CreateContainer within sandbox \"8639e8409b81ff0521c46b530cb38830e2634da2fe163bc0d372e06455c64646\" for container &ContainerMetadata{Name:etcd,Attempt:0,}"
Mar 21 14:51:21 kind-control-plane containerd[178]: time="2025-03-21T14:51:21.333250183Z" level=info msg="RunPodSandbox for &PodSandboxMetadata{Name:kube-controller-manager-kind-control-plane,Uid:e4fca0816c3adbeece94dfb70e7cae93,Namespace:kube-system,Attempt:0,} returns sandbox id \"0218e0095bb96af8ed016d30a62f1680b45dba9eb662d4074372e7cd7c192e9e\""
Mar 21 14:51:21 kind-control-plane containerd[178]: time="2025-03-21T14:51:21.336232406Z" level=info msg="CreateContainer within sandbox \"0218e0095bb96af8ed016d30a62f1680b45dba9eb662d4074372e7cd7c192e9e\" for container &ContainerMetadata{Name:kube-controller-manager,Attempt:0,}"
Mar 21 14:51:22 kind-control-plane containerd[178]: time="2025-03-21T14:51:22.223594079Z" level=info msg="Container a60494acd998c3d8a1f6f960794df5c4d7458043024ca9cf7edc9b1890153aa3: CDI devices from CRI Config.CDIDevices: []"
Mar 21 14:51:22 kind-control-plane containerd[178]: time="2025-03-21T14:51:22.238914032Z" level=info msg="CreateContainer within sandbox \"641b332fd236c1a007984d3dd1e056c816f2b70d944c14189f69cebc2637dca4\" for &ContainerMetadata{Name:kube-scheduler,Attempt:0,} returns container id \"a60494acd998c3d8a1f6f960794df5c4d7458043024ca9cf7edc9b1890153aa3\""
Mar 21 14:51:22 kind-control-plane containerd[178]: time="2025-03-21T14:51:22.240139713Z" level=info msg="StartContainer for \"a60494acd998c3d8a1f6f960794df5c4d7458043024ca9cf7edc9b1890153aa3\""
Mar 21 14:51:22 kind-control-plane containerd[178]: time="2025-03-21T14:51:22.242366423Z" level=info msg="connecting to shim a60494acd998c3d8a1f6f960794df5c4d7458043024ca9cf7edc9b1890153aa3" address="unix:///run/containerd/s/4db9ecb0c16815aa90e99b4c68734664c42d04bb1bf7e96d0d5bfdaccae08ba2" protocol=ttrpc version=3
Mar 21 14:51:22 kind-control-plane containerd[178]: time="2025-03-21T14:51:22.259098731Z" level=info msg="Container 3e3ff7139e7ae56d295db980369498766180c635c536bfa60a6615f345088f5b: CDI devices from CRI Config.CDIDevices: []"
Mar 21 14:51:22 kind-control-plane containerd[178]: time="2025-03-21T14:51:22.274570462Z" level=info msg="CreateContainer within sandbox \"5b6518db3db2e34648fe5a25fadb2442b5de1bc3510f29a900efdabc0023dbdc\" for &ContainerMetadata{Name:kube-apiserver,Attempt:0,} returns container id \"3e3ff7139e7ae56d295db980369498766180c635c536bfa60a6615f345088f5b\""
Mar 21 14:51:22 kind-control-plane containerd[178]: time="2025-03-21T14:51:22.275455641Z" level=info msg="StartContainer for \"3e3ff7139e7ae56d295db980369498766180c635c536bfa60a6615f345088f5b\""
Mar 21 14:51:22 kind-control-plane containerd[178]: time="2025-03-21T14:51:22.278154965Z" level=info msg="connecting to shim 3e3ff7139e7ae56d295db980369498766180c635c536bfa60a6615f345088f5b" address="unix:///run/containerd/s/bf7e22110eef2b2c30787878fb41e4eec230b80088b3cf91c58156198bc846d1" protocol=ttrpc version=3
Mar 21 14:51:22 kind-control-plane containerd[178]: time="2025-03-21T14:51:22.287910852Z" level=info msg="Container 0e570b699f9e49dbd113a698f4d0fdbab742414bbee3d77269b08c35aef8370b: CDI devices from CRI Config.CDIDevices: []"
Mar 21 14:51:22 kind-control-plane containerd[178]: time="2025-03-21T14:51:22.298368201Z" level=info msg="CreateContainer within sandbox \"0218e0095bb96af8ed016d30a62f1680b45dba9eb662d4074372e7cd7c192e9e\" for &ContainerMetadata{Name:kube-controller-manager,Attempt:0,} returns container id \"0e570b699f9e49dbd113a698f4d0fdbab742414bbee3d77269b08c35aef8370b\""
Mar 21 14:51:22 kind-control-plane containerd[178]: time="2025-03-21T14:51:22.299429399Z" level=info msg="StartContainer for \"0e570b699f9e49dbd113a698f4d0fdbab742414bbee3d77269b08c35aef8370b\""
Mar 21 14:51:22 kind-control-plane containerd[178]: time="2025-03-21T14:51:22.300934532Z" level=info msg="connecting to shim 0e570b699f9e49dbd113a698f4d0fdbab742414bbee3d77269b08c35aef8370b" address="unix:///run/containerd/s/51b524159cb87fc17e68499e21ca54b1b28b2315e0f89fcdcaa6de14e469ad30" protocol=ttrpc version=3
Mar 21 14:51:22 kind-control-plane containerd[178]: time="2025-03-21T14:51:22.340285481Z" level=error msg="loading cgroup for 597" error="cgroups: cannot find cgroup mount destination" runtime=io.containerd.runc.v2
Mar 21 14:51:22 kind-control-plane containerd[178]: time="2025-03-21T14:51:22.352126952Z" level=error msg="loading cgroup for 597" error="cgroups: cannot find cgroup mount destination" runtime=io.containerd.runc.v2
Mar 21 14:51:22 kind-control-plane containerd[178]: time="2025-03-21T14:51:22.360186168Z" level=info msg="StartContainer for \"a60494acd998c3d8a1f6f960794df5c4d7458043024ca9cf7edc9b1890153aa3\" returns successfully"
Mar 21 14:51:22 kind-control-plane containerd[178]: time="2025-03-21T14:51:22.369590884Z" level=error msg="loading cgroup for 625" error="cgroups: cannot find cgroup mount destination" runtime=io.containerd.runc.v2
Mar 21 14:51:22 kind-control-plane containerd[178]: time="2025-03-21T14:51:22.380681533Z" level=error msg="loading cgroup for 625" error="cgroups: cannot find cgroup mount destination" runtime=io.containerd.runc.v2
Mar 21 14:51:22 kind-control-plane containerd[178]: time="2025-03-21T14:51:22.389452833Z" level=info msg="StartContainer for \"3e3ff7139e7ae56d295db980369498766180c635c536bfa60a6615f345088f5b\" returns successfully"
Mar 21 14:51:22 kind-control-plane containerd[178]: time="2025-03-21T14:51:22.407593624Z" level=error msg="loading cgroup for 642" error="cgroups: cannot find cgroup mount destination" runtime=io.containerd.runc.v2
Mar 21 14:51:22 kind-control-plane containerd[178]: time="2025-03-21T14:51:22.419861048Z" level=error msg="loading cgroup for 642" error="cgroups: cannot find cgroup mount destination" runtime=io.containerd.runc.v2
Mar 21 14:51:22 kind-control-plane containerd[178]: time="2025-03-21T14:51:22.425582657Z" level=info msg="StartContainer for \"0e570b699f9e49dbd113a698f4d0fdbab742414bbee3d77269b08c35aef8370b\" returns successfully"
Mar 21 14:51:23 kind-control-plane containerd[178]: time="2025-03-21T14:51:23.121962086Z" level=info msg="Container 472ee8d46558681bd8a13fa8f46551e7177080b3117c574ceecbd9c5a76649e9: CDI devices from CRI Config.CDIDevices: []"
Mar 21 14:51:23 kind-control-plane containerd[178]: time="2025-03-21T14:51:23.132129856Z" level=info msg="CreateContainer within sandbox \"8639e8409b81ff0521c46b530cb38830e2634da2fe163bc0d372e06455c64646\" for &ContainerMetadata{Name:etcd,Attempt:0,} returns container id \"472ee8d46558681bd8a13fa8f46551e7177080b3117c574ceecbd9c5a76649e9\""
Mar 21 14:51:23 kind-control-plane containerd[178]: time="2025-03-21T14:51:23.132721623Z" level=info msg="StartContainer for \"472ee8d46558681bd8a13fa8f46551e7177080b3117c574ceecbd9c5a76649e9\""
Mar 21 14:51:23 kind-control-plane containerd[178]: time="2025-03-21T14:51:23.133664858Z" level=info msg="connecting to shim 472ee8d46558681bd8a13fa8f46551e7177080b3117c574ceecbd9c5a76649e9" address="unix:///run/containerd/s/45521b7eac92bccb255da416aa11a934e6e4a03df36073ce5470907d25447870" protocol=ttrpc version=3
Mar 21 14:51:23 kind-control-plane containerd[178]: time="2025-03-21T14:51:23.209252093Z" level=error msg="loading cgroup for 725" error="cgroups: cannot find cgroup mount destination" runtime=io.containerd.runc.v2
Mar 21 14:51:23 kind-control-plane containerd[178]: time="2025-03-21T14:51:23.217801995Z" level=error msg="loading cgroup for 725" error="cgroups: cannot find cgroup mount destination" runtime=io.containerd.runc.v2
Mar 21 14:51:23 kind-control-plane containerd[178]: time="2025-03-21T14:51:23.224631686Z" level=info msg="StartContainer for \"472ee8d46558681bd8a13fa8f46551e7177080b3117c574ceecbd9c5a76649e9\" returns successfully"
Mar 21 14:51:31 kind-control-plane containerd[178]: time="2025-03-21T14:51:31.303178718Z" level=info msg="No cni config template is specified, wait for other system components to drop the config."
Mar 21 14:51:32 kind-control-plane containerd[178]: time="2025-03-21T14:51:32.607748140Z" level=info msg="RunPodSandbox for &PodSandboxMetadata{Name:kindnet-2bmbv,Uid:c7b64498-fe28-42d3-8244-e38a0fbc56a4,Namespace:kube-system,Attempt:0,}"
Mar 21 14:51:32 kind-control-plane containerd[178]: time="2025-03-21T14:51:32.609986840Z" level=info msg="RunPodSandbox for &PodSandboxMetadata{Name:kube-proxy-5sj54,Uid:3e843632-6ff0-4a3c-b453-fb0485688c7c,Namespace:kube-system,Attempt:0,}"
Mar 21 14:51:32 kind-control-plane containerd[178]: time="2025-03-21T14:51:32.651561924Z" level=info msg="connecting to shim 1159c120c7a50c1256ab2e3595f3db75ce8a50373342323f233513917f92ccba" address="unix:///run/containerd/s/a68c65557cba713b0121b9007480fddc0ad504ea39317ef141a2febed664ee11" namespace=k8s.io protocol=ttrpc version=3
Mar 21 14:51:32 kind-control-plane containerd[178]: time="2025-03-21T14:51:32.660670792Z" level=info msg="connecting to shim 378e450707bdea5233fe6cbea46565f4ac6b9f47ff5dcc79b9ad7b16584b967f" address="unix:///run/containerd/s/8dbab1df68562448a0ab630a59c567101c88de03ebb6718bf7f9d0118046bc75" namespace=k8s.io protocol=ttrpc version=3
Mar 21 14:51:32 kind-control-plane containerd[178]: time="2025-03-21T14:51:32.700977733Z" level=error msg="loading cgroup for 982" error="cgroups: cannot find cgroup mount destination" runtime=io.containerd.runc.v2
Mar 21 14:51:32 kind-control-plane containerd[178]: time="2025-03-21T14:51:32.711450379Z" level=error msg="loading cgroup for 982" error="cgroups: cannot find cgroup mount destination" runtime=io.containerd.runc.v2
Mar 21 14:51:32 kind-control-plane containerd[178]: time="2025-03-21T14:51:32.715045876Z" level=info msg="RunPodSandbox for &PodSandboxMetadata{Name:kube-proxy-5sj54,Uid:3e843632-6ff0-4a3c-b453-fb0485688c7c,Namespace:kube-system,Attempt:0,} returns sandbox id \"1159c120c7a50c1256ab2e3595f3db75ce8a50373342323f233513917f92ccba\""
Mar 21 14:51:32 kind-control-plane containerd[178]: time="2025-03-21T14:51:32.719077602Z" level=info msg="CreateContainer within sandbox \"1159c120c7a50c1256ab2e3595f3db75ce8a50373342323f233513917f92ccba\" for container &ContainerMetadata{Name:kube-proxy,Attempt:0,}"
Mar 21 14:51:32 kind-control-plane containerd[178]: time="2025-03-21T14:51:32.871256960Z" level=error msg="loading cgroup for 990" error="cgroups: cannot find cgroup mount destination" runtime=io.containerd.runc.v2
Mar 21 14:51:32 kind-control-plane containerd[178]: time="2025-03-21T14:51:32.879391944Z" level=error msg="loading cgroup for 990" error="cgroups: cannot find cgroup mount destination" runtime=io.containerd.runc.v2
Mar 21 14:51:32 kind-control-plane containerd[178]: time="2025-03-21T14:51:32.882778810Z" level=info msg="RunPodSandbox for &PodSandboxMetadata{Name:kindnet-2bmbv,Uid:c7b64498-fe28-42d3-8244-e38a0fbc56a4,Namespace:kube-system,Attempt:0,} returns sandbox id \"378e450707bdea5233fe6cbea46565f4ac6b9f47ff5dcc79b9ad7b16584b967f\""
Mar 21 14:51:32 kind-control-plane containerd[178]: time="2025-03-21T14:51:32.886270125Z" level=info msg="CreateContainer within sandbox \"378e450707bdea5233fe6cbea46565f4ac6b9f47ff5dcc79b9ad7b16584b967f\" for container &ContainerMetadata{Name:kindnet-cni,Attempt:0,}"
Mar 21 14:51:33 kind-control-plane containerd[178]: time="2025-03-21T14:51:33.016782320Z" level=info msg="Container e219e772aa0dbaba8bb554ce4f1e31cd9a46432aa9e4456fef614bbd6ea2470f: CDI devices from CRI Config.CDIDevices: []"
Mar 21 14:51:33 kind-control-plane containerd[178]: time="2025-03-21T14:51:33.029837714Z" level=info msg="CreateContainer within sandbox \"1159c120c7a50c1256ab2e3595f3db75ce8a50373342323f233513917f92ccba\" for &ContainerMetadata{Name:kube-proxy,Attempt:0,} returns container id \"e219e772aa0dbaba8bb554ce4f1e31cd9a46432aa9e4456fef614bbd6ea2470f\""
Mar 21 14:51:33 kind-control-plane containerd[178]: time="2025-03-21T14:51:33.030786887Z" level=info msg="StartContainer for \"e219e772aa0dbaba8bb554ce4f1e31cd9a46432aa9e4456fef614bbd6ea2470f\""
Mar 21 14:51:33 kind-control-plane containerd[178]: time="2025-03-21T14:51:33.032069251Z" level=info msg="connecting to shim e219e772aa0dbaba8bb554ce4f1e31cd9a46432aa9e4456fef614bbd6ea2470f" address="unix:///run/containerd/s/a68c65557cba713b0121b9007480fddc0ad504ea39317ef141a2febed664ee11" protocol=ttrpc version=3
Mar 21 14:51:33 kind-control-plane containerd[178]: time="2025-03-21T14:51:33.101881755Z" level=error msg="loading cgroup for 1028" error="cgroups: cannot find cgroup mount destination" runtime=io.containerd.runc.v2
Mar 21 14:51:33 kind-control-plane containerd[178]: time="2025-03-21T14:51:33.111970397Z" level=error msg="loading cgroup for 1028" error="cgroups: cannot find cgroup mount destination" runtime=io.containerd.runc.v2
Mar 21 14:51:33 kind-control-plane containerd[178]: time="2025-03-21T14:51:33.121855612Z" level=info msg="StartContainer for \"e219e772aa0dbaba8bb554ce4f1e31cd9a46432aa9e4456fef614bbd6ea2470f\" returns successfully"
Mar 21 14:51:33 kind-control-plane containerd[178]: time="2025-03-21T14:51:33.601555607Z" level=info msg="Container 28164489b23e0a07a34e327b189200aea94978ea6e87ebe6c8e99247a70fd4e2: CDI devices from CRI Config.CDIDevices: []"
Mar 21 14:51:33 kind-control-plane containerd[178]: time="2025-03-21T14:51:33.613033486Z" level=info msg="CreateContainer within sandbox \"378e450707bdea5233fe6cbea46565f4ac6b9f47ff5dcc79b9ad7b16584b967f\" for &ContainerMetadata{Name:kindnet-cni,Attempt:0,} returns container id \"28164489b23e0a07a34e327b189200aea94978ea6e87ebe6c8e99247a70fd4e2\""
Mar 21 14:51:33 kind-control-plane containerd[178]: time="2025-03-21T14:51:33.613703103Z" level=info msg="StartContainer for \"28164489b23e0a07a34e327b189200aea94978ea6e87ebe6c8e99247a70fd4e2\""
Mar 21 14:51:33 kind-control-plane containerd[178]: time="2025-03-21T14:51:33.614597535Z" level=info msg="connecting to shim 28164489b23e0a07a34e327b189200aea94978ea6e87ebe6c8e99247a70fd4e2" address="unix:///run/containerd/s/8dbab1df68562448a0ab630a59c567101c88de03ebb6718bf7f9d0118046bc75" protocol=ttrpc version=3
Mar 21 14:51:33 kind-control-plane containerd[178]: time="2025-03-21T14:51:33.871248295Z" level=error msg="loading cgroup for 1117" error="cgroups: cannot find cgroup mount destination" runtime=io.containerd.runc.v2
Mar 21 14:51:33 kind-control-plane containerd[178]: time="2025-03-21T14:51:33.878835808Z" level=error msg="loading cgroup for 1117" error="cgroups: cannot find cgroup mount destination" runtime=io.containerd.runc.v2
Mar 21 14:51:33 kind-control-plane containerd[178]: time="2025-03-21T14:51:33.884146060Z" level=info msg="StartContainer for \"28164489b23e0a07a34e327b189200aea94978ea6e87ebe6c8e99247a70fd4e2\" returns successfully"
Mar 21 14:51:44 kind-control-plane containerd[178]: time="2025-03-21T14:51:44.572896003Z" level=error msg="failed to reload cni configuration after receiving fs change event(WRITE         \"/etc/cni/net.d/10-kindnet.conflist.temp\")" error="cni config load failed: no network config found in /etc/cni/net.d: cni plugin not initialized: failed to load cni config"
Mar 21 14:51:44 kind-control-plane containerd[178]: time="2025-03-21T14:51:44.572968445Z" level=error msg="failed to reload cni configuration after receiving fs change event(WRITE         \"/etc/cni/net.d/10-kindnet.conflist.temp\")" error="cni config load failed: no network config found in /etc/cni/net.d: cni plugin not initialized: failed to load cni config"
Mar 21 14:51:44 kind-control-plane containerd[178]: time="2025-03-21T14:51:44.572990733Z" level=error msg="failed to reload cni configuration after receiving fs change event(WRITE         \"/etc/cni/net.d/10-kindnet.conflist.temp\")" error="cni config load failed: no network config found in /etc/cni/net.d: cni plugin not initialized: failed to load cni config"
Mar 21 14:51:45 kind-control-plane containerd[178]: time="2025-03-21T14:51:45.036837154Z" level=info msg="RunPodSandbox for &PodSandboxMetadata{Name:coredns-668d6bf9bc-79t94,Uid:c1ebac98-f89d-4559-9478-2025627dbb6e,Namespace:kube-system,Attempt:0,}"
Mar 21 14:51:45 kind-control-plane containerd[178]: time="2025-03-21T14:51:45.044461964Z" level=info msg="RunPodSandbox for &PodSandboxMetadata{Name:coredns-668d6bf9bc-nnbgv,Uid:97e74139-d645-4eee-9564-3b9f33479b59,Namespace:kube-system,Attempt:0,}"
Mar 21 14:51:45 kind-control-plane containerd[178]: time="2025-03-21T14:51:45.047124482Z" level=info msg="RunPodSandbox for &PodSandboxMetadata{Name:local-path-provisioner-7dc846544d-tv2vd,Uid:f30909e5-6876-4b6d-9a03-eae2f8a5090c,Namespace:local-path-storage,Attempt:0,}"
Mar 21 14:51:45 kind-control-plane containerd[178]: time="2025-03-21T14:51:45.148461505Z" level=info msg="connecting to shim 19729021964f54fe6da6c890548e2e58bc32c7bfc402c9f19aa59751210a60cf" address="unix:///run/containerd/s/997e880e2b8777939239524c141a9c7267391aee838411872291dde0b243ddc2" namespace=k8s.io protocol=ttrpc version=3
Mar 21 14:51:45 kind-control-plane containerd[178]: time="2025-03-21T14:51:45.156488283Z" level=info msg="connecting to shim 4a44007427ff338488353993cb10a05b861a0b8bcf7e9cc0094efb422b532564" address="unix:///run/containerd/s/67f76eb52aa41fe1773825f75f398157fedeb95227d81f2cae267ae42170f07f" namespace=k8s.io protocol=ttrpc version=3
Mar 21 14:51:45 kind-control-plane containerd[178]: time="2025-03-21T14:51:45.163622058Z" level=info msg="connecting to shim f43c4abdec5bf8b351e5a12d76fc58c4c56a28831b63d37c814578fc9cda5237" address="unix:///run/containerd/s/cf291257480579432b5bfd0e7611ffdb5fe410921d6c6663255ead141cb599c0" namespace=k8s.io protocol=ttrpc version=3
Mar 21 14:51:45 kind-control-plane containerd[178]: time="2025-03-21T14:51:45.219863329Z" level=error msg="loading cgroup for 1457" error="cgroups: cannot find cgroup mount destination" runtime=io.containerd.runc.v2
Mar 21 14:51:45 kind-control-plane containerd[178]: time="2025-03-21T14:51:45.223900163Z" level=error msg="loading cgroup for 1464" error="cgroups: cannot find cgroup mount destination" runtime=io.containerd.runc.v2
Mar 21 14:51:45 kind-control-plane containerd[178]: time="2025-03-21T14:51:45.231091542Z" level=error msg="loading cgroup for 1473" error="cgroups: cannot find cgroup mount destination" runtime=io.containerd.runc.v2
Mar 21 14:51:45 kind-control-plane containerd[178]: time="2025-03-21T14:51:45.232918843Z" level=error msg="loading cgroup for 1457" error="cgroups: cannot find cgroup mount destination" runtime=io.containerd.runc.v2
Mar 21 14:51:45 kind-control-plane containerd[178]: time="2025-03-21T14:51:45.235199764Z" level=error msg="loading cgroup for 1464" error="cgroups: cannot find cgroup mount destination" runtime=io.containerd.runc.v2
Mar 21 14:51:45 kind-control-plane containerd[178]: time="2025-03-21T14:51:45.237381197Z" level=info msg="RunPodSandbox for &PodSandboxMetadata{Name:local-path-provisioner-7dc846544d-tv2vd,Uid:f30909e5-6876-4b6d-9a03-eae2f8a5090c,Namespace:local-path-storage,Attempt:0,} returns sandbox id \"19729021964f54fe6da6c890548e2e58bc32c7bfc402c9f19aa59751210a60cf\""
Mar 21 14:51:45 kind-control-plane containerd[178]: time="2025-03-21T14:51:45.240496589Z" level=error msg="loading cgroup for 1473" error="cgroups: cannot find cgroup mount destination" runtime=io.containerd.runc.v2
Mar 21 14:51:45 kind-control-plane containerd[178]: time="2025-03-21T14:51:45.241255411Z" level=info msg="CreateContainer within sandbox \"19729021964f54fe6da6c890548e2e58bc32c7bfc402c9f19aa59751210a60cf\" for container &ContainerMetadata{Name:local-path-provisioner,Attempt:0,}"
Mar 21 14:51:45 kind-control-plane containerd[178]: time="2025-03-21T14:51:45.242629354Z" level=info msg="RunPodSandbox for &PodSandboxMetadata{Name:coredns-668d6bf9bc-nnbgv,Uid:97e74139-d645-4eee-9564-3b9f33479b59,Namespace:kube-system,Attempt:0,} returns sandbox id \"4a44007427ff338488353993cb10a05b861a0b8bcf7e9cc0094efb422b532564\""
Mar 21 14:51:45 kind-control-plane containerd[178]: time="2025-03-21T14:51:45.245103468Z" level=info msg="RunPodSandbox for &PodSandboxMetadata{Name:coredns-668d6bf9bc-79t94,Uid:c1ebac98-f89d-4559-9478-2025627dbb6e,Namespace:kube-system,Attempt:0,} returns sandbox id \"f43c4abdec5bf8b351e5a12d76fc58c4c56a28831b63d37c814578fc9cda5237\""
Mar 21 14:51:45 kind-control-plane containerd[178]: time="2025-03-21T14:51:45.245696671Z" level=info msg="CreateContainer within sandbox \"4a44007427ff338488353993cb10a05b861a0b8bcf7e9cc0094efb422b532564\" for container &ContainerMetadata{Name:coredns,Attempt:0,}"
Mar 21 14:51:45 kind-control-plane containerd[178]: time="2025-03-21T14:51:45.248235020Z" level=info msg="CreateContainer within sandbox \"f43c4abdec5bf8b351e5a12d76fc58c4c56a28831b63d37c814578fc9cda5237\" for container &ContainerMetadata{Name:coredns,Attempt:0,}"
Mar 21 14:51:46 kind-control-plane containerd[178]: time="2025-03-21T14:51:46.245953793Z" level=info msg="Container bd7aad9159fb582b599a8cd3c2362740ea0a08fb702398c24c65912ece30f8e5: CDI devices from CRI Config.CDIDevices: []"
Mar 21 14:51:46 kind-control-plane containerd[178]: time="2025-03-21T14:51:46.248683093Z" level=info msg="Container 346a3fe8654198457be88cc51cf29ba9a35f40b2a10cb67fdabee38bf0772dd6: CDI devices from CRI Config.CDIDevices: []"
Mar 21 14:51:46 kind-control-plane containerd[178]: time="2025-03-21T14:51:46.261116764Z" level=info msg="CreateContainer within sandbox \"4a44007427ff338488353993cb10a05b861a0b8bcf7e9cc0094efb422b532564\" for &ContainerMetadata{Name:coredns,Attempt:0,} returns container id \"bd7aad9159fb582b599a8cd3c2362740ea0a08fb702398c24c65912ece30f8e5\""
Mar 21 14:51:46 kind-control-plane containerd[178]: time="2025-03-21T14:51:46.261904794Z" level=info msg="StartContainer for \"bd7aad9159fb582b599a8cd3c2362740ea0a08fb702398c24c65912ece30f8e5\""
Mar 21 14:51:46 kind-control-plane containerd[178]: time="2025-03-21T14:51:46.262076389Z" level=info msg="CreateContainer within sandbox \"f43c4abdec5bf8b351e5a12d76fc58c4c56a28831b63d37c814578fc9cda5237\" for &ContainerMetadata{Name:coredns,Attempt:0,} returns container id \"346a3fe8654198457be88cc51cf29ba9a35f40b2a10cb67fdabee38bf0772dd6\""
Mar 21 14:51:46 kind-control-plane containerd[178]: time="2025-03-21T14:51:46.262651501Z" level=info msg="StartContainer for \"346a3fe8654198457be88cc51cf29ba9a35f40b2a10cb67fdabee38bf0772dd6\""
Mar 21 14:51:46 kind-control-plane containerd[178]: time="2025-03-21T14:51:46.262836612Z" level=info msg="connecting to shim bd7aad9159fb582b599a8cd3c2362740ea0a08fb702398c24c65912ece30f8e5" address="unix:///run/containerd/s/67f76eb52aa41fe1773825f75f398157fedeb95227d81f2cae267ae42170f07f" protocol=ttrpc version=3
Mar 21 14:51:46 kind-control-plane containerd[178]: time="2025-03-21T14:51:46.263208340Z" level=info msg="connecting to shim 346a3fe8654198457be88cc51cf29ba9a35f40b2a10cb67fdabee38bf0772dd6" address="unix:///run/containerd/s/cf291257480579432b5bfd0e7611ffdb5fe410921d6c6663255ead141cb599c0" protocol=ttrpc version=3
Mar 21 14:51:46 kind-control-plane containerd[178]: time="2025-03-21T14:51:46.338925118Z" level=error msg="loading cgroup for 1686" error="cgroups: cannot find cgroup mount destination" runtime=io.containerd.runc.v2
Mar 21 14:51:46 kind-control-plane containerd[178]: time="2025-03-21T14:51:46.343746772Z" level=error msg="loading cgroup for 1695" error="cgroups: cannot find cgroup mount destination" runtime=io.containerd.runc.v2
Mar 21 14:51:46 kind-control-plane containerd[178]: time="2025-03-21T14:51:46.348422593Z" level=error msg="loading cgroup for 1686" error="cgroups: cannot find cgroup mount destination" runtime=io.containerd.runc.v2
Mar 21 14:51:46 kind-control-plane containerd[178]: time="2025-03-21T14:51:46.355347403Z" level=error msg="loading cgroup for 1695" error="cgroups: cannot find cgroup mount destination" runtime=io.containerd.runc.v2
Mar 21 14:51:46 kind-control-plane containerd[178]: time="2025-03-21T14:51:46.356653609Z" level=info msg="StartContainer for \"bd7aad9159fb582b599a8cd3c2362740ea0a08fb702398c24c65912ece30f8e5\" returns successfully"
Mar 21 14:51:46 kind-control-plane containerd[178]: time="2025-03-21T14:51:46.361516336Z" level=info msg="StartContainer for \"346a3fe8654198457be88cc51cf29ba9a35f40b2a10cb67fdabee38bf0772dd6\" returns successfully"
Mar 21 14:51:46 kind-control-plane containerd[178]: time="2025-03-21T14:51:46.407519301Z" level=info msg="Container 59d0413b165ecdb951b60f79fb04dc4bd38a5b0ce37ec0d1c695da6ff6bfbcb7: CDI devices from CRI Config.CDIDevices: []"
Mar 21 14:51:46 kind-control-plane containerd[178]: time="2025-03-21T14:51:46.417077709Z" level=info msg="CreateContainer within sandbox \"19729021964f54fe6da6c890548e2e58bc32c7bfc402c9f19aa59751210a60cf\" for &ContainerMetadata{Name:local-path-provisioner,Attempt:0,} returns container id \"59d0413b165ecdb951b60f79fb04dc4bd38a5b0ce37ec0d1c695da6ff6bfbcb7\""
Mar 21 14:51:46 kind-control-plane containerd[178]: time="2025-03-21T14:51:46.417877092Z" level=info msg="StartContainer for \"59d0413b165ecdb951b60f79fb04dc4bd38a5b0ce37ec0d1c695da6ff6bfbcb7\""
Mar 21 14:51:46 kind-control-plane containerd[178]: time="2025-03-21T14:51:46.418829669Z" level=info msg="connecting to shim 59d0413b165ecdb951b60f79fb04dc4bd38a5b0ce37ec0d1c695da6ff6bfbcb7" address="unix:///run/containerd/s/997e880e2b8777939239524c141a9c7267391aee838411872291dde0b243ddc2" protocol=ttrpc version=3
Mar 21 14:51:46 kind-control-plane containerd[178]: time="2025-03-21T14:51:46.475010472Z" level=error msg="loading cgroup for 1768" error="cgroups: cannot find cgroup mount destination" runtime=io.containerd.runc.v2
Mar 21 14:51:46 kind-control-plane containerd[178]: time="2025-03-21T14:51:46.483262718Z" level=error msg="loading cgroup for 1768" error="cgroups: cannot find cgroup mount destination" runtime=io.containerd.runc.v2
Mar 21 14:51:46 kind-control-plane containerd[178]: time="2025-03-21T14:51:46.491015506Z" level=info msg="StartContainer for \"59d0413b165ecdb951b60f79fb04dc4bd38a5b0ce37ec0d1c695da6ff6bfbcb7\" returns successfully"
