Mar 21 14:51:17 kind-control-plane systemd[1]: kubelet.service - kubelet: The Kubernetes Node Agent was skipped because of an unmet condition check (ConditionPathExists=/var/lib/kubelet/config.yaml).
Mar 21 14:51:20 kind-control-plane systemd[1]: Starting kubelet.service - kubelet: The Kubernetes Node Agent...
Mar 21 14:51:20 kind-control-plane systemd[1]: Started kubelet.service - kubelet: The Kubernetes Node Agent.
Mar 21 14:51:20 kind-control-plane kubelet[287]: Flag --container-runtime-endpoint has been deprecated, This parameter should be set via the config file specified by the Kubelet's --config flag. See https://kubernetes.io/docs/tasks/administer-cluster/kubelet-config-file/ for more information.
Mar 21 14:51:20 kind-control-plane kubelet[287]: Flag --pod-infra-container-image has been deprecated, will be removed in 1.35. Image garbage collector will get sandbox image information from CRI.
Mar 21 14:51:20 kind-control-plane kubelet[287]: I0321 14:51:20.449099     287 server.go:215] "--pod-infra-container-image will not be pruned by the image garbage collector in kubelet and should also be set in the remote runtime"
Mar 21 14:51:20 kind-control-plane kubelet[287]: I0321 14:51:20.585785     287 server.go:520] "Kubelet version" kubeletVersion="v1.32.2"
Mar 21 14:51:20 kind-control-plane kubelet[287]: I0321 14:51:20.585847     287 server.go:522] "Golang settings" GOGC="" GOMAXPROCS="" GOTRACEBACK=""
Mar 21 14:51:20 kind-control-plane kubelet[287]: I0321 14:51:20.586081     287 server.go:954] "Client rotation is on, will bootstrap in background"
Mar 21 14:51:20 kind-control-plane kubelet[287]: I0321 14:51:20.592336     287 dynamic_cafile_content.go:161] "Starting controller" name="client-ca-bundle::/etc/kubernetes/pki/ca.crt"
Mar 21 14:51:20 kind-control-plane kubelet[287]: E0321 14:51:20.594488     287 certificate_manager.go:562] "Unhandled Error" err="kubernetes.io/kube-apiserver-client-kubelet: Failed while requesting a signed certificate from the control plane: cannot create certificate signing request: Post \"https://kind-control-plane:6443/apis/certificates.k8s.io/v1/certificatesigningrequests\": dial tcp 172.19.0.7:6443: connect: connection refused" logger="UnhandledError"
Mar 21 14:51:20 kind-control-plane kubelet[287]: I0321 14:51:20.603365     287 server.go:1444] "Using cgroup driver setting received from the CRI runtime" cgroupDriver="systemd"
Mar 21 14:51:20 kind-control-plane kubelet[287]: I0321 14:51:20.616711     287 server.go:841] "NoSwap is set due to memorySwapBehavior not specified" memorySwapBehavior="" FailSwapOn=false
Mar 21 14:51:20 kind-control-plane kubelet[287]: I0321 14:51:20.617186     287 swap_util.go:115] "Swap is on" /proc/swaps contents=<
Mar 21 14:51:20 kind-control-plane kubelet[287]:         Filename                                Type                Size                Used                Priority
Mar 21 14:51:20 kind-control-plane kubelet[287]:         /dev/sdb                                partition        8388608                7132                -2
Mar 21 14:51:20 kind-control-plane kubelet[287]:  >
Mar 21 14:51:20 kind-control-plane kubelet[287]: E0321 14:51:20.620004     287 mount_linux.go:282] Mount failed: exit status 32
Mar 21 14:51:20 kind-control-plane kubelet[287]: Mounting command: mount
Mar 21 14:51:20 kind-control-plane kubelet[287]: Mounting arguments: -t tmpfs -o noswap tmpfs /var/lib/kubelet/tmpfs-noswap-test-3338242991
Mar 21 14:51:20 kind-control-plane kubelet[287]: Output: mount: /var/lib/kubelet/tmpfs-noswap-test-3338242991: wrong fs type, bad option, bad superblock on tmpfs, missing codepage or helper program, or other error.
Mar 21 14:51:20 kind-control-plane kubelet[287]:        dmesg(1) may have more information after failed mount system call.
Mar 21 14:51:20 kind-control-plane kubelet[287]: I0321 14:51:20.620126     287 swap_util.go:87] "error mounting tmpfs with the noswap option. Assuming not supported" error=<
Mar 21 14:51:20 kind-control-plane kubelet[287]:         mount failed: exit status 32
Mar 21 14:51:20 kind-control-plane kubelet[287]:         Mounting command: mount
Mar 21 14:51:20 kind-control-plane kubelet[287]:         Mounting arguments: -t tmpfs -o noswap tmpfs /var/lib/kubelet/tmpfs-noswap-test-3338242991
Mar 21 14:51:20 kind-control-plane kubelet[287]:         Output: mount: /var/lib/kubelet/tmpfs-noswap-test-3338242991: wrong fs type, bad option, bad superblock on tmpfs, missing codepage or helper program, or other error.
Mar 21 14:51:20 kind-control-plane kubelet[287]:                dmesg(1) may have more information after failed mount system call.
Mar 21 14:51:20 kind-control-plane kubelet[287]:  >
Mar 21 14:51:20 kind-control-plane kubelet[287]: I0321 14:51:20.620400     287 container_manager_linux.go:268] "Container manager verified user specified cgroup-root exists" cgroupRoot=["kubelet"]
Mar 21 14:51:20 kind-control-plane kubelet[287]: I0321 14:51:20.620442     287 container_manager_linux.go:273] "Creating Container Manager object based on Node Config" nodeConfig={"NodeName":"kind-control-plane","RuntimeCgroupsName":"/system.slice/containerd.service","SystemCgroupsName":"","KubeletCgroupsName":"","KubeletOOMScoreAdj":-999,"ContainerRuntime":"","CgroupsPerQOS":true,"CgroupRoot":"/kubelet","CgroupDriver":"systemd","KubeletRootDir":"/var/lib/kubelet","ProtectKernelDefaults":false,"KubeReservedCgroupName":"","SystemReservedCgroupName":"","ReservedSystemCPUs":{},"EnforceNodeAllocatable":{"pods":{}},"KubeReserved":null,"SystemReserved":null,"HardEvictionThresholds":[],"QOSReserved":{},"CPUManagerPolicy":"none","CPUManagerPolicyOptions":null,"TopologyManagerScope":"container","CPUManagerReconcilePeriod":10000000000,"ExperimentalMemoryManagerPolicy":"None","ExperimentalMemoryManagerReservedMemory":null,"PodPidsLimit":-1,"EnforceCPULimits":true,"CPUCFSQuotaPeriod":100000000,"TopologyManagerPolicy":"none","TopologyManagerPolicyOptions":null,"CgroupVersion":1}
Mar 21 14:51:20 kind-control-plane kubelet[287]: I0321 14:51:20.620880     287 topology_manager.go:138] "Creating topology manager with none policy"
Mar 21 14:51:20 kind-control-plane kubelet[287]: I0321 14:51:20.620898     287 container_manager_linux.go:304] "Creating device plugin manager"
Mar 21 14:51:20 kind-control-plane kubelet[287]: I0321 14:51:20.621342     287 state_mem.go:36] "Initialized new in-memory state store"
Mar 21 14:51:20 kind-control-plane kubelet[287]: I0321 14:51:20.622085     287 kubelet.go:446] "Attempting to sync node with API server"
Mar 21 14:51:20 kind-control-plane kubelet[287]: I0321 14:51:20.622138     287 kubelet.go:341] "Adding static pod path" path="/etc/kubernetes/manifests"
Mar 21 14:51:20 kind-control-plane kubelet[287]: I0321 14:51:20.622306     287 kubelet.go:352] "Adding apiserver pod source"
Mar 21 14:51:20 kind-control-plane kubelet[287]: I0321 14:51:20.622368     287 apiserver.go:42] "Waiting for node sync before watching apiserver pods"
Mar 21 14:51:20 kind-control-plane kubelet[287]: E0321 14:51:20.621798     287 event.go:368] "Unable to write event (may retry after sleeping)" err="Post \"https://kind-control-plane:6443/api/v1/namespaces/default/events\": dial tcp 172.19.0.7:6443: connect: connection refused" event="&Event{ObjectMeta:{kind-control-plane.182ed8fb85168e93  default    0 0001-01-01 00:00:00 +0000 UTC <nil> <nil> map[] map[] [] [] []},InvolvedObject:ObjectReference{Kind:Node,Namespace:,Name:kind-control-plane,UID:kind-control-plane,APIVersion:,ResourceVersion:,FieldPath:,},Reason:PossibleMemoryBackedVolumesOnDisk,Message:The tmpfs noswap option is not supported. Memory-backed volumes (e.g. secrets, emptyDirs, etc.) might be swapped to disk and should no longer be considered secure.,Source:EventSource{Component:kubelet,Host:kind-control-plane,},FirstTimestamp:2025-03-21 14:51:20.620199571 +0000 UTC m=+0.250510264,LastTimestamp:2025-03-21 14:51:20.620199571 +0000 UTC m=+0.250510264,Count:1,Type:Warning,EventTime:0001-01-01 00:00:00 +0000 UTC,Series:nil,Action:,Related:nil,ReportingController:kubelet,ReportingInstance:kind-control-plane,}"
Mar 21 14:51:20 kind-control-plane kubelet[287]: I0321 14:51:20.624027     287 kuberuntime_manager.go:269] "Container runtime initialized" containerRuntime="containerd" version="v2.0.2" apiVersion="v1"
Mar 21 14:51:20 kind-control-plane kubelet[287]: W0321 14:51:20.623964     287 reflector.go:569] k8s.io/client-go/informers/factory.go:160: failed to list *v1.Service: Get "https://kind-control-plane:6443/api/v1/services?fieldSelector=spec.clusterIP%21%3DNone&limit=500&resourceVersion=0": dial tcp 172.19.0.7:6443: connect: connection refused
Mar 21 14:51:20 kind-control-plane kubelet[287]: E0321 14:51:20.624258     287 reflector.go:166] "Unhandled Error" err="k8s.io/client-go/informers/factory.go:160: Failed to watch *v1.Service: failed to list *v1.Service: Get \"https://kind-control-plane:6443/api/v1/services?fieldSelector=spec.clusterIP%21%3DNone&limit=500&resourceVersion=0\": dial tcp 172.19.0.7:6443: connect: connection refused" logger="UnhandledError"
Mar 21 14:51:20 kind-control-plane kubelet[287]: W0321 14:51:20.623950     287 reflector.go:569] k8s.io/client-go/informers/factory.go:160: failed to list *v1.Node: Get "https://kind-control-plane:6443/api/v1/nodes?fieldSelector=metadata.name%3Dkind-control-plane&limit=500&resourceVersion=0": dial tcp 172.19.0.7:6443: connect: connection refused
Mar 21 14:51:20 kind-control-plane kubelet[287]: E0321 14:51:20.624370     287 reflector.go:166] "Unhandled Error" err="k8s.io/client-go/informers/factory.go:160: Failed to watch *v1.Node: failed to list *v1.Node: Get \"https://kind-control-plane:6443/api/v1/nodes?fieldSelector=metadata.name%3Dkind-control-plane&limit=500&resourceVersion=0\": dial tcp 172.19.0.7:6443: connect: connection refused" logger="UnhandledError"
Mar 21 14:51:20 kind-control-plane kubelet[287]: I0321 14:51:20.624648     287 kubelet.go:890] "Not starting ClusterTrustBundle informer because we are in static kubelet mode"
Mar 21 14:51:20 kind-control-plane kubelet[287]: W0321 14:51:20.624914     287 probe.go:272] Flexvolume plugin directory at /usr/libexec/kubernetes/kubelet-plugins/volume/exec/ does not exist. Recreating.
Mar 21 14:51:20 kind-control-plane kubelet[287]: I0321 14:51:20.626736     287 watchdog_linux.go:99] "Systemd watchdog is not enabled"
Mar 21 14:51:20 kind-control-plane kubelet[287]: I0321 14:51:20.626881     287 server.go:1287] "Started kubelet"
Mar 21 14:51:20 kind-control-plane kubelet[287]: I0321 14:51:20.630266     287 server.go:169] "Starting to listen" address="0.0.0.0" port=10250
Mar 21 14:51:20 kind-control-plane kubelet[287]: I0321 14:51:20.630660     287 dynamic_serving_content.go:135] "Starting controller" name="kubelet-server-cert-files::/var/lib/kubelet/pki/kubelet.crt::/var/lib/kubelet/pki/kubelet.key"
Mar 21 14:51:20 kind-control-plane kubelet[287]: I0321 14:51:20.631663     287 fs_resource_analyzer.go:67] "Starting FS ResourceAnalyzer"
Mar 21 14:51:20 kind-control-plane kubelet[287]: I0321 14:51:20.632112     287 volume_manager.go:297] "Starting Kubelet Volume Manager"
Mar 21 14:51:20 kind-control-plane kubelet[287]: I0321 14:51:20.632602     287 desired_state_of_world_populator.go:149] "Desired state populator starts to run"
Mar 21 14:51:20 kind-control-plane kubelet[287]: I0321 14:51:20.633121     287 reconciler.go:26] "Reconciler: start to sync state"
Mar 21 14:51:20 kind-control-plane kubelet[287]: E0321 14:51:20.633736     287 kubelet_node_status.go:467] "Error getting the current node from lister" err="node \"kind-control-plane\" not found"
Mar 21 14:51:20 kind-control-plane kubelet[287]: W0321 14:51:20.634106     287 reflector.go:569] k8s.io/client-go/informers/factory.go:160: failed to list *v1.CSIDriver: Get "https://kind-control-plane:6443/apis/storage.k8s.io/v1/csidrivers?limit=500&resourceVersion=0": dial tcp 172.19.0.7:6443: connect: connection refused
Mar 21 14:51:20 kind-control-plane kubelet[287]: E0321 14:51:20.634242     287 reflector.go:166] "Unhandled Error" err="k8s.io/client-go/informers/factory.go:160: Failed to watch *v1.CSIDriver: failed to list *v1.CSIDriver: Get \"https://kind-control-plane:6443/apis/storage.k8s.io/v1/csidrivers?limit=500&resourceVersion=0\": dial tcp 172.19.0.7:6443: connect: connection refused" logger="UnhandledError"
Mar 21 14:51:20 kind-control-plane kubelet[287]: E0321 14:51:20.634132     287 controller.go:145] "Failed to ensure lease exists, will retry" err="Get \"https://kind-control-plane:6443/apis/coordination.k8s.io/v1/namespaces/kube-node-lease/leases/kind-control-plane?timeout=10s\": dial tcp 172.19.0.7:6443: connect: connection refused" interval="200ms"
Mar 21 14:51:20 kind-control-plane kubelet[287]: I0321 14:51:20.634995     287 ratelimit.go:55] "Setting rate limiting for endpoint" service="podresources" qps=100 burstTokens=10
Mar 21 14:51:20 kind-control-plane kubelet[287]: I0321 14:51:20.635425     287 server.go:243] "Starting to serve the podresources API" endpoint="unix:/var/lib/kubelet/pod-resources/kubelet.sock"
Mar 21 14:51:20 kind-control-plane kubelet[287]: I0321 14:51:20.637874     287 server.go:479] "Adding debug handlers to kubelet server"
Mar 21 14:51:20 kind-control-plane kubelet[287]: I0321 14:51:20.641395     287 factory.go:221] Registration of the systemd container factory successfully
Mar 21 14:51:20 kind-control-plane kubelet[287]: I0321 14:51:20.641503     287 factory.go:219] Registration of the crio container factory failed: Get "http://%2Fvar%2Frun%2Fcrio%2Fcrio.sock/info": dial unix /var/run/crio/crio.sock: connect: no such file or directory
Mar 21 14:51:20 kind-control-plane kubelet[287]: I0321 14:51:20.643067     287 factory.go:221] Registration of the containerd container factory successfully
Mar 21 14:51:20 kind-control-plane kubelet[287]: I0321 14:51:20.645997     287 kubelet_network_linux.go:50] "Initialized iptables rules." protocol="IPv4"
Mar 21 14:51:20 kind-control-plane kubelet[287]: I0321 14:51:20.648030     287 kubelet_network_linux.go:50] "Initialized iptables rules." protocol="IPv6"
Mar 21 14:51:20 kind-control-plane kubelet[287]: I0321 14:51:20.648946     287 status_manager.go:227] "Starting to sync pod status with apiserver"
Mar 21 14:51:20 kind-control-plane kubelet[287]: I0321 14:51:20.649330     287 watchdog_linux.go:127] "Systemd watchdog is not enabled or the interval is invalid, so health checking will not be started."
Mar 21 14:51:20 kind-control-plane kubelet[287]: I0321 14:51:20.649485     287 kubelet.go:2388] "Starting kubelet main sync loop"
Mar 21 14:51:20 kind-control-plane kubelet[287]: E0321 14:51:20.649727     287 kubelet.go:2412] "Skipping pod synchronization" err="[container runtime status check may not have completed yet, PLEG is not healthy: pleg has yet to be successful]"
Mar 21 14:51:20 kind-control-plane kubelet[287]: I0321 14:51:20.649949     287 cpu_manager.go:221] "Starting CPU manager" policy="none"
Mar 21 14:51:20 kind-control-plane kubelet[287]: I0321 14:51:20.649986     287 cpu_manager.go:222] "Reconciling" reconcilePeriod="10s"
Mar 21 14:51:20 kind-control-plane kubelet[287]: I0321 14:51:20.650047     287 state_mem.go:36] "Initialized new in-memory state store"
Mar 21 14:51:20 kind-control-plane kubelet[287]: W0321 14:51:20.650159     287 reflector.go:569] k8s.io/client-go/informers/factory.go:160: failed to list *v1.RuntimeClass: Get "https://kind-control-plane:6443/apis/node.k8s.io/v1/runtimeclasses?limit=500&resourceVersion=0": dial tcp 172.19.0.7:6443: connect: connection refused
Mar 21 14:51:20 kind-control-plane kubelet[287]: E0321 14:51:20.650241     287 reflector.go:166] "Unhandled Error" err="k8s.io/client-go/informers/factory.go:160: Failed to watch *v1.RuntimeClass: failed to list *v1.RuntimeClass: Get \"https://kind-control-plane:6443/apis/node.k8s.io/v1/runtimeclasses?limit=500&resourceVersion=0\": dial tcp 172.19.0.7:6443: connect: connection refused" logger="UnhandledError"
Mar 21 14:51:20 kind-control-plane kubelet[287]: I0321 14:51:20.665419     287 policy_none.go:49] "None policy: Start"
Mar 21 14:51:20 kind-control-plane kubelet[287]: I0321 14:51:20.665570     287 memory_manager.go:186] "Starting memorymanager" policy="None"
Mar 21 14:51:20 kind-control-plane kubelet[287]: I0321 14:51:20.665653     287 state_mem.go:35] "Initializing new in-memory state store"
Mar 21 14:51:20 kind-control-plane kubelet[287]: I0321 14:51:20.684950     287 manager.go:519] "Failed to read data from checkpoint" checkpoint="kubelet_internal_checkpoint" err="checkpoint is not found"
Mar 21 14:51:20 kind-control-plane kubelet[287]: I0321 14:51:20.685127     287 eviction_manager.go:189] "Eviction manager: starting control loop"
Mar 21 14:51:20 kind-control-plane kubelet[287]: I0321 14:51:20.685157     287 container_log_manager.go:189] "Initializing container log rotate workers" workers=1 monitorPeriod="10s"
Mar 21 14:51:20 kind-control-plane kubelet[287]: I0321 14:51:20.685871     287 plugin_manager.go:118] "Starting Kubelet Plugin Manager"
Mar 21 14:51:20 kind-control-plane kubelet[287]: E0321 14:51:20.686640     287 eviction_manager.go:267] "eviction manager: failed to check if we have separate container filesystem. Ignoring." err="no imagefs label for configured runtime"
Mar 21 14:51:20 kind-control-plane kubelet[287]: E0321 14:51:20.686770     287 eviction_manager.go:292] "Eviction manager: failed to get summary stats" err="failed to get node info: node \"kind-control-plane\" not found"
Mar 21 14:51:20 kind-control-plane kubelet[287]: E0321 14:51:20.769921     287 kubelet.go:3196] "No need to create a mirror pod, since failed to get node info from the cluster" err="node \"kind-control-plane\" not found" node="kind-control-plane"
Mar 21 14:51:20 kind-control-plane kubelet[287]: E0321 14:51:20.777423     287 kubelet.go:3196] "No need to create a mirror pod, since failed to get node info from the cluster" err="node \"kind-control-plane\" not found" node="kind-control-plane"
Mar 21 14:51:20 kind-control-plane kubelet[287]: E0321 14:51:20.781473     287 kubelet.go:3196] "No need to create a mirror pod, since failed to get node info from the cluster" err="node \"kind-control-plane\" not found" node="kind-control-plane"
Mar 21 14:51:20 kind-control-plane kubelet[287]: E0321 14:51:20.784852     287 kubelet.go:3196] "No need to create a mirror pod, since failed to get node info from the cluster" err="node \"kind-control-plane\" not found" node="kind-control-plane"
Mar 21 14:51:20 kind-control-plane kubelet[287]: I0321 14:51:20.787061     287 kubelet_node_status.go:76] "Attempting to register node" node="kind-control-plane"
Mar 21 14:51:20 kind-control-plane kubelet[287]: E0321 14:51:20.788275     287 kubelet_node_status.go:108] "Unable to register node with API server" err="Post \"https://kind-control-plane:6443/api/v1/nodes\": dial tcp 172.19.0.7:6443: connect: connection refused" node="kind-control-plane"
Mar 21 14:51:20 kind-control-plane kubelet[287]: E0321 14:51:20.835269     287 controller.go:145] "Failed to ensure lease exists, will retry" err="Get \"https://kind-control-plane:6443/apis/coordination.k8s.io/v1/namespaces/kube-node-lease/leases/kind-control-plane?timeout=10s\": dial tcp 172.19.0.7:6443: connect: connection refused" interval="400ms"
Mar 21 14:51:20 kind-control-plane kubelet[287]: I0321 14:51:20.934170     287 reconciler_common.go:251] "operationExecutor.VerifyControllerAttachedVolume started for volume \"usr-share-ca-certificates\" (UniqueName: \"kubernetes.io/host-path/e4fca0816c3adbeece94dfb70e7cae93-usr-share-ca-certificates\") pod \"kube-controller-manager-kind-control-plane\" (UID: \"e4fca0816c3adbeece94dfb70e7cae93\") " pod="kube-system/kube-controller-manager-kind-control-plane"
Mar 21 14:51:20 kind-control-plane kubelet[287]: I0321 14:51:20.934228     287 reconciler_common.go:251] "operationExecutor.VerifyControllerAttachedVolume started for volume \"ca-certs\" (UniqueName: \"kubernetes.io/host-path/9566ae975d467746cc50ef4e5d5d0862-ca-certs\") pod \"kube-apiserver-kind-control-plane\" (UID: \"9566ae975d467746cc50ef4e5d5d0862\") " pod="kube-system/kube-apiserver-kind-control-plane"
Mar 21 14:51:20 kind-control-plane kubelet[287]: I0321 14:51:20.934243     287 reconciler_common.go:251] "operationExecutor.VerifyControllerAttachedVolume started for volume \"usr-share-ca-certificates\" (UniqueName: \"kubernetes.io/host-path/9566ae975d467746cc50ef4e5d5d0862-usr-share-ca-certificates\") pod \"kube-apiserver-kind-control-plane\" (UID: \"9566ae975d467746cc50ef4e5d5d0862\") " pod="kube-system/kube-apiserver-kind-control-plane"
Mar 21 14:51:20 kind-control-plane kubelet[287]: I0321 14:51:20.934254     287 reconciler_common.go:251] "operationExecutor.VerifyControllerAttachedVolume started for volume \"ca-certs\" (UniqueName: \"kubernetes.io/host-path/e4fca0816c3adbeece94dfb70e7cae93-ca-certs\") pod \"kube-controller-manager-kind-control-plane\" (UID: \"e4fca0816c3adbeece94dfb70e7cae93\") " pod="kube-system/kube-controller-manager-kind-control-plane"
Mar 21 14:51:20 kind-control-plane kubelet[287]: I0321 14:51:20.934264     287 reconciler_common.go:251] "operationExecutor.VerifyControllerAttachedVolume started for volume \"kubeconfig\" (UniqueName: \"kubernetes.io/host-path/e466f1f8e9429967fe50820f5857e823-kubeconfig\") pod \"kube-scheduler-kind-control-plane\" (UID: \"e466f1f8e9429967fe50820f5857e823\") " pod="kube-system/kube-scheduler-kind-control-plane"
Mar 21 14:51:20 kind-control-plane kubelet[287]: I0321 14:51:20.934272     287 reconciler_common.go:251] "operationExecutor.VerifyControllerAttachedVolume started for volume \"usr-local-share-ca-certificates\" (UniqueName: \"kubernetes.io/host-path/9566ae975d467746cc50ef4e5d5d0862-usr-local-share-ca-certificates\") pod \"kube-apiserver-kind-control-plane\" (UID: \"9566ae975d467746cc50ef4e5d5d0862\") " pod="kube-system/kube-apiserver-kind-control-plane"
Mar 21 14:51:20 kind-control-plane kubelet[287]: I0321 14:51:20.934280     287 reconciler_common.go:251] "operationExecutor.VerifyControllerAttachedVolume started for volume \"flexvolume-dir\" (UniqueName: \"kubernetes.io/host-path/e4fca0816c3adbeece94dfb70e7cae93-flexvolume-dir\") pod \"kube-controller-manager-kind-control-plane\" (UID: \"e4fca0816c3adbeece94dfb70e7cae93\") " pod="kube-system/kube-controller-manager-kind-control-plane"
Mar 21 14:51:20 kind-control-plane kubelet[287]: I0321 14:51:20.934287     287 reconciler_common.go:251] "operationExecutor.VerifyControllerAttachedVolume started for volume \"kubeconfig\" (UniqueName: \"kubernetes.io/host-path/e4fca0816c3adbeece94dfb70e7cae93-kubeconfig\") pod \"kube-controller-manager-kind-control-plane\" (UID: \"e4fca0816c3adbeece94dfb70e7cae93\") " pod="kube-system/kube-controller-manager-kind-control-plane"
Mar 21 14:51:20 kind-control-plane kubelet[287]: I0321 14:51:20.934295     287 reconciler_common.go:251] "operationExecutor.VerifyControllerAttachedVolume started for volume \"usr-local-share-ca-certificates\" (UniqueName: \"kubernetes.io/host-path/e4fca0816c3adbeece94dfb70e7cae93-usr-local-share-ca-certificates\") pod \"kube-controller-manager-kind-control-plane\" (UID: \"e4fca0816c3adbeece94dfb70e7cae93\") " pod="kube-system/kube-controller-manager-kind-control-plane"
Mar 21 14:51:20 kind-control-plane kubelet[287]: I0321 14:51:20.934302     287 reconciler_common.go:251] "operationExecutor.VerifyControllerAttachedVolume started for volume \"etc-ca-certificates\" (UniqueName: \"kubernetes.io/host-path/9566ae975d467746cc50ef4e5d5d0862-etc-ca-certificates\") pod \"kube-apiserver-kind-control-plane\" (UID: \"9566ae975d467746cc50ef4e5d5d0862\") " pod="kube-system/kube-apiserver-kind-control-plane"
Mar 21 14:51:20 kind-control-plane kubelet[287]: I0321 14:51:20.934311     287 reconciler_common.go:251] "operationExecutor.VerifyControllerAttachedVolume started for volume \"k8s-certs\" (UniqueName: \"kubernetes.io/host-path/9566ae975d467746cc50ef4e5d5d0862-k8s-certs\") pod \"kube-apiserver-kind-control-plane\" (UID: \"9566ae975d467746cc50ef4e5d5d0862\") " pod="kube-system/kube-apiserver-kind-control-plane"
Mar 21 14:51:20 kind-control-plane kubelet[287]: I0321 14:51:20.934320     287 reconciler_common.go:251] "operationExecutor.VerifyControllerAttachedVolume started for volume \"etc-ca-certificates\" (UniqueName: \"kubernetes.io/host-path/e4fca0816c3adbeece94dfb70e7cae93-etc-ca-certificates\") pod \"kube-controller-manager-kind-control-plane\" (UID: \"e4fca0816c3adbeece94dfb70e7cae93\") " pod="kube-system/kube-controller-manager-kind-control-plane"
Mar 21 14:51:20 kind-control-plane kubelet[287]: I0321 14:51:20.934327     287 reconciler_common.go:251] "operationExecutor.VerifyControllerAttachedVolume started for volume \"k8s-certs\" (UniqueName: \"kubernetes.io/host-path/e4fca0816c3adbeece94dfb70e7cae93-k8s-certs\") pod \"kube-controller-manager-kind-control-plane\" (UID: \"e4fca0816c3adbeece94dfb70e7cae93\") " pod="kube-system/kube-controller-manager-kind-control-plane"
Mar 21 14:51:20 kind-control-plane kubelet[287]: I0321 14:51:20.934334     287 reconciler_common.go:251] "operationExecutor.VerifyControllerAttachedVolume started for volume \"etcd-certs\" (UniqueName: \"kubernetes.io/host-path/dd131b44f2cb818f764811cd71cc66de-etcd-certs\") pod \"etcd-kind-control-plane\" (UID: \"dd131b44f2cb818f764811cd71cc66de\") " pod="kube-system/etcd-kind-control-plane"
Mar 21 14:51:20 kind-control-plane kubelet[287]: I0321 14:51:20.934341     287 reconciler_common.go:251] "operationExecutor.VerifyControllerAttachedVolume started for volume \"etcd-data\" (UniqueName: \"kubernetes.io/host-path/dd131b44f2cb818f764811cd71cc66de-etcd-data\") pod \"etcd-kind-control-plane\" (UID: \"dd131b44f2cb818f764811cd71cc66de\") " pod="kube-system/etcd-kind-control-plane"
Mar 21 14:51:20 kind-control-plane kubelet[287]: I0321 14:51:20.990003     287 kubelet_node_status.go:76] "Attempting to register node" node="kind-control-plane"
Mar 21 14:51:20 kind-control-plane kubelet[287]: E0321 14:51:20.990597     287 kubelet_node_status.go:108] "Unable to register node with API server" err="Post \"https://kind-control-plane:6443/api/v1/nodes\": dial tcp 172.19.0.7:6443: connect: connection refused" node="kind-control-plane"
Mar 21 14:51:21 kind-control-plane kubelet[287]: E0321 14:51:21.237276     287 controller.go:145] "Failed to ensure lease exists, will retry" err="Get \"https://kind-control-plane:6443/apis/coordination.k8s.io/v1/namespaces/kube-node-lease/leases/kind-control-plane?timeout=10s\": dial tcp 172.19.0.7:6443: connect: connection refused" interval="800ms"
Mar 21 14:51:21 kind-control-plane kubelet[287]: I0321 14:51:21.391906     287 kubelet_node_status.go:76] "Attempting to register node" node="kind-control-plane"
Mar 21 14:51:21 kind-control-plane kubelet[287]: E0321 14:51:21.392496     287 kubelet_node_status.go:108] "Unable to register node with API server" err="Post \"https://kind-control-plane:6443/api/v1/nodes\": dial tcp 172.19.0.7:6443: connect: connection refused" node="kind-control-plane"
Mar 21 14:51:21 kind-control-plane kubelet[287]: E0321 14:51:21.729616     287 event.go:368] "Unable to write event (may retry after sleeping)" err="Post \"https://kind-control-plane:6443/api/v1/namespaces/default/events\": dial tcp 172.19.0.7:6443: connect: connection refused" event="&Event{ObjectMeta:{kind-control-plane.182ed8fb85168e93  default    0 0001-01-01 00:00:00 +0000 UTC <nil> <nil> map[] map[] [] [] []},InvolvedObject:ObjectReference{Kind:Node,Namespace:,Name:kind-control-plane,UID:kind-control-plane,APIVersion:,ResourceVersion:,FieldPath:,},Reason:PossibleMemoryBackedVolumesOnDisk,Message:The tmpfs noswap option is not supported. Memory-backed volumes (e.g. secrets, emptyDirs, etc.) might be swapped to disk and should no longer be considered secure.,Source:EventSource{Component:kubelet,Host:kind-control-plane,},FirstTimestamp:2025-03-21 14:51:20.620199571 +0000 UTC m=+0.250510264,LastTimestamp:2025-03-21 14:51:20.620199571 +0000 UTC m=+0.250510264,Count:1,Type:Warning,EventTime:0001-01-01 00:00:00 +0000 UTC,Series:nil,Action:,Related:nil,ReportingController:kubelet,ReportingInstance:kind-control-plane,}"
Mar 21 14:51:21 kind-control-plane kubelet[287]: W0321 14:51:21.806216     287 reflector.go:569] k8s.io/client-go/informers/factory.go:160: failed to list *v1.CSIDriver: Get "https://kind-control-plane:6443/apis/storage.k8s.io/v1/csidrivers?limit=500&resourceVersion=0": dial tcp 172.19.0.7:6443: connect: connection refused
Mar 21 14:51:21 kind-control-plane kubelet[287]: E0321 14:51:21.806283     287 reflector.go:166] "Unhandled Error" err="k8s.io/client-go/informers/factory.go:160: Failed to watch *v1.CSIDriver: failed to list *v1.CSIDriver: Get \"https://kind-control-plane:6443/apis/storage.k8s.io/v1/csidrivers?limit=500&resourceVersion=0\": dial tcp 172.19.0.7:6443: connect: connection refused" logger="UnhandledError"
Mar 21 14:51:21 kind-control-plane kubelet[287]: W0321 14:51:21.867379     287 reflector.go:569] k8s.io/client-go/informers/factory.go:160: failed to list *v1.Node: Get "https://kind-control-plane:6443/api/v1/nodes?fieldSelector=metadata.name%3Dkind-control-plane&limit=500&resourceVersion=0": dial tcp 172.19.0.7:6443: connect: connection refused
Mar 21 14:51:21 kind-control-plane kubelet[287]: E0321 14:51:21.867506     287 reflector.go:166] "Unhandled Error" err="k8s.io/client-go/informers/factory.go:160: Failed to watch *v1.Node: failed to list *v1.Node: Get \"https://kind-control-plane:6443/api/v1/nodes?fieldSelector=metadata.name%3Dkind-control-plane&limit=500&resourceVersion=0\": dial tcp 172.19.0.7:6443: connect: connection refused" logger="UnhandledError"
Mar 21 14:51:21 kind-control-plane kubelet[287]: W0321 14:51:21.981654     287 reflector.go:569] k8s.io/client-go/informers/factory.go:160: failed to list *v1.RuntimeClass: Get "https://kind-control-plane:6443/apis/node.k8s.io/v1/runtimeclasses?limit=500&resourceVersion=0": dial tcp 172.19.0.7:6443: connect: connection refused
Mar 21 14:51:21 kind-control-plane kubelet[287]: E0321 14:51:21.981735     287 reflector.go:166] "Unhandled Error" err="k8s.io/client-go/informers/factory.go:160: Failed to watch *v1.RuntimeClass: failed to list *v1.RuntimeClass: Get \"https://kind-control-plane:6443/apis/node.k8s.io/v1/runtimeclasses?limit=500&resourceVersion=0\": dial tcp 172.19.0.7:6443: connect: connection refused" logger="UnhandledError"
Mar 21 14:51:22 kind-control-plane kubelet[287]: E0321 14:51:22.038939     287 controller.go:145] "Failed to ensure lease exists, will retry" err="Get \"https://kind-control-plane:6443/apis/coordination.k8s.io/v1/namespaces/kube-node-lease/leases/kind-control-plane?timeout=10s\": dial tcp 172.19.0.7:6443: connect: connection refused" interval="1.6s"
Mar 21 14:51:22 kind-control-plane kubelet[287]: W0321 14:51:22.099114     287 reflector.go:569] k8s.io/client-go/informers/factory.go:160: failed to list *v1.Service: Get "https://kind-control-plane:6443/api/v1/services?fieldSelector=spec.clusterIP%21%3DNone&limit=500&resourceVersion=0": dial tcp 172.19.0.7:6443: connect: connection refused
Mar 21 14:51:22 kind-control-plane kubelet[287]: E0321 14:51:22.099242     287 reflector.go:166] "Unhandled Error" err="k8s.io/client-go/informers/factory.go:160: Failed to watch *v1.Service: failed to list *v1.Service: Get \"https://kind-control-plane:6443/api/v1/services?fieldSelector=spec.clusterIP%21%3DNone&limit=500&resourceVersion=0\": dial tcp 172.19.0.7:6443: connect: connection refused" logger="UnhandledError"
Mar 21 14:51:22 kind-control-plane kubelet[287]: I0321 14:51:22.194098     287 kubelet_node_status.go:76] "Attempting to register node" node="kind-control-plane"
Mar 21 14:51:22 kind-control-plane kubelet[287]: E0321 14:51:22.195181     287 kubelet_node_status.go:108] "Unable to register node with API server" err="Post \"https://kind-control-plane:6443/api/v1/nodes\": dial tcp 172.19.0.7:6443: connect: connection refused" node="kind-control-plane"
Mar 21 14:51:22 kind-control-plane kubelet[287]: E0321 14:51:22.669649     287 kubelet.go:3196] "No need to create a mirror pod, since failed to get node info from the cluster" err="node \"kind-control-plane\" not found" node="kind-control-plane"
Mar 21 14:51:22 kind-control-plane kubelet[287]: E0321 14:51:22.671785     287 kubelet.go:3196] "No need to create a mirror pod, since failed to get node info from the cluster" err="node \"kind-control-plane\" not found" node="kind-control-plane"
Mar 21 14:51:22 kind-control-plane kubelet[287]: E0321 14:51:22.673819     287 kubelet.go:3196] "No need to create a mirror pod, since failed to get node info from the cluster" err="node \"kind-control-plane\" not found" node="kind-control-plane"
Mar 21 14:51:23 kind-control-plane kubelet[287]: E0321 14:51:23.677425     287 kubelet.go:3196] "No need to create a mirror pod, since failed to get node info from the cluster" err="node \"kind-control-plane\" not found" node="kind-control-plane"
Mar 21 14:51:23 kind-control-plane kubelet[287]: E0321 14:51:23.677630     287 kubelet.go:3196] "No need to create a mirror pod, since failed to get node info from the cluster" err="node \"kind-control-plane\" not found" node="kind-control-plane"
Mar 21 14:51:23 kind-control-plane kubelet[287]: E0321 14:51:23.677894     287 kubelet.go:3196] "No need to create a mirror pod, since failed to get node info from the cluster" err="node \"kind-control-plane\" not found" node="kind-control-plane"
Mar 21 14:51:23 kind-control-plane kubelet[287]: E0321 14:51:23.678681     287 kubelet.go:3196] "No need to create a mirror pod, since failed to get node info from the cluster" err="node \"kind-control-plane\" not found" node="kind-control-plane"
Mar 21 14:51:23 kind-control-plane kubelet[287]: I0321 14:51:23.796672     287 kubelet_node_status.go:76] "Attempting to register node" node="kind-control-plane"
Mar 21 14:51:24 kind-control-plane kubelet[287]: E0321 14:51:24.450462     287 nodelease.go:49] "Failed to get node when trying to set owner ref to the node lease" err="nodes \"kind-control-plane\" not found" node="kind-control-plane"
Mar 21 14:51:24 kind-control-plane kubelet[287]: I0321 14:51:24.548237     287 kubelet_node_status.go:79] "Successfully registered node" node="kind-control-plane"
Mar 21 14:51:24 kind-control-plane kubelet[287]: E0321 14:51:24.548288     287 kubelet_node_status.go:549] "Error updating node status, will retry" err="error getting node \"kind-control-plane\": node \"kind-control-plane\" not found"
Mar 21 14:51:24 kind-control-plane kubelet[287]: E0321 14:51:24.551966     287 kubelet_node_status.go:467] "Error getting the current node from lister" err="node \"kind-control-plane\" not found"
Mar 21 14:51:24 kind-control-plane kubelet[287]: E0321 14:51:24.653062     287 kubelet_node_status.go:467] "Error getting the current node from lister" err="node \"kind-control-plane\" not found"
Mar 21 14:51:24 kind-control-plane kubelet[287]: E0321 14:51:24.679904     287 kubelet.go:3196] "No need to create a mirror pod, since failed to get node info from the cluster" err="node \"kind-control-plane\" not found" node="kind-control-plane"
Mar 21 14:51:24 kind-control-plane kubelet[287]: E0321 14:51:24.680101     287 kubelet.go:3196] "No need to create a mirror pod, since failed to get node info from the cluster" err="node \"kind-control-plane\" not found" node="kind-control-plane"
Mar 21 14:51:24 kind-control-plane kubelet[287]: E0321 14:51:24.679907     287 kubelet.go:3196] "No need to create a mirror pod, since failed to get node info from the cluster" err="node \"kind-control-plane\" not found" node="kind-control-plane"
Mar 21 14:51:24 kind-control-plane kubelet[287]: E0321 14:51:24.754522     287 kubelet_node_status.go:467] "Error getting the current node from lister" err="node \"kind-control-plane\" not found"
Mar 21 14:51:24 kind-control-plane kubelet[287]: E0321 14:51:24.854850     287 kubelet_node_status.go:467] "Error getting the current node from lister" err="node \"kind-control-plane\" not found"
Mar 21 14:51:24 kind-control-plane kubelet[287]: E0321 14:51:24.955197     287 kubelet_node_status.go:467] "Error getting the current node from lister" err="node \"kind-control-plane\" not found"
Mar 21 14:51:25 kind-control-plane kubelet[287]: I0321 14:51:25.032921     287 kubelet.go:3200] "Creating a mirror pod for static pod" pod="kube-system/kube-apiserver-kind-control-plane"
Mar 21 14:51:25 kind-control-plane kubelet[287]: E0321 14:51:25.037956     287 kubelet.go:3202] "Failed creating a mirror pod" err="pods \"kube-apiserver-kind-control-plane\" is forbidden: no PriorityClass with name system-node-critical was found" pod="kube-system/kube-apiserver-kind-control-plane"
Mar 21 14:51:25 kind-control-plane kubelet[287]: I0321 14:51:25.037996     287 kubelet.go:3200] "Creating a mirror pod for static pod" pod="kube-system/kube-controller-manager-kind-control-plane"
Mar 21 14:51:25 kind-control-plane kubelet[287]: E0321 14:51:25.039590     287 kubelet.go:3202] "Failed creating a mirror pod" err="pods \"kube-controller-manager-kind-control-plane\" is forbidden: no PriorityClass with name system-node-critical was found" pod="kube-system/kube-controller-manager-kind-control-plane"
Mar 21 14:51:25 kind-control-plane kubelet[287]: I0321 14:51:25.039642     287 kubelet.go:3200] "Creating a mirror pod for static pod" pod="kube-system/kube-scheduler-kind-control-plane"
Mar 21 14:51:25 kind-control-plane kubelet[287]: E0321 14:51:25.040729     287 kubelet.go:3202] "Failed creating a mirror pod" err="pods \"kube-scheduler-kind-control-plane\" is forbidden: no PriorityClass with name system-node-critical was found" pod="kube-system/kube-scheduler-kind-control-plane"
Mar 21 14:51:25 kind-control-plane kubelet[287]: I0321 14:51:25.040752     287 kubelet.go:3200] "Creating a mirror pod for static pod" pod="kube-system/etcd-kind-control-plane"
Mar 21 14:51:25 kind-control-plane kubelet[287]: E0321 14:51:25.041809     287 kubelet.go:3202] "Failed creating a mirror pod" err="pods \"etcd-kind-control-plane\" is forbidden: no PriorityClass with name system-node-critical was found" pod="kube-system/etcd-kind-control-plane"
Mar 21 14:51:25 kind-control-plane kubelet[287]: I0321 14:51:25.623757     287 apiserver.go:52] "Watching apiserver"
Mar 21 14:51:25 kind-control-plane kubelet[287]: I0321 14:51:25.631168     287 desired_state_of_world_populator.go:157] "Finished populating initial desired state of world"
Mar 21 14:51:25 kind-control-plane kubelet[287]: I0321 14:51:25.679445     287 kubelet.go:3200] "Creating a mirror pod for static pod" pod="kube-system/etcd-kind-control-plane"
Mar 21 14:51:26 kind-control-plane systemd[1]: Stopping kubelet.service - kubelet: The Kubernetes Node Agent...
Mar 21 14:51:27 kind-control-plane systemd[1]: kubelet.service: Deactivated successfully.
Mar 21 14:51:27 kind-control-plane systemd[1]: Stopped kubelet.service - kubelet: The Kubernetes Node Agent.
Mar 21 14:51:27 kind-control-plane systemd[1]: Starting kubelet.service - kubelet: The Kubernetes Node Agent...
Mar 21 14:51:27 kind-control-plane systemd[1]: Started kubelet.service - kubelet: The Kubernetes Node Agent.
Mar 21 14:51:27 kind-control-plane kubelet[785]: Flag --container-runtime-endpoint has been deprecated, This parameter should be set via the config file specified by the Kubelet's --config flag. See https://kubernetes.io/docs/tasks/administer-cluster/kubelet-config-file/ for more information.
Mar 21 14:51:27 kind-control-plane kubelet[785]: Flag --pod-infra-container-image has been deprecated, will be removed in 1.35. Image garbage collector will get sandbox image information from CRI.
Mar 21 14:51:27 kind-control-plane kubelet[785]: I0321 14:51:27.185421     785 server.go:215] "--pod-infra-container-image will not be pruned by the image garbage collector in kubelet and should also be set in the remote runtime"
Mar 21 14:51:27 kind-control-plane kubelet[785]: I0321 14:51:27.189819     785 server.go:520] "Kubelet version" kubeletVersion="v1.32.2"
Mar 21 14:51:27 kind-control-plane kubelet[785]: I0321 14:51:27.189855     785 server.go:522] "Golang settings" GOGC="" GOMAXPROCS="" GOTRACEBACK=""
Mar 21 14:51:27 kind-control-plane kubelet[785]: I0321 14:51:27.190044     785 server.go:954] "Client rotation is on, will bootstrap in background"
Mar 21 14:51:27 kind-control-plane kubelet[785]: I0321 14:51:27.190964     785 certificate_store.go:130] Loading cert/key pair from "/var/lib/kubelet/pki/kubelet-client-current.pem".
Mar 21 14:51:27 kind-control-plane kubelet[785]: I0321 14:51:27.195269     785 dynamic_cafile_content.go:161] "Starting controller" name="client-ca-bundle::/etc/kubernetes/pki/ca.crt"
Mar 21 14:51:27 kind-control-plane kubelet[785]: I0321 14:51:27.200646     785 server.go:1444] "Using cgroup driver setting received from the CRI runtime" cgroupDriver="systemd"
Mar 21 14:51:27 kind-control-plane kubelet[785]: I0321 14:51:27.205457     785 server.go:841] "NoSwap is set due to memorySwapBehavior not specified" memorySwapBehavior="" FailSwapOn=false
Mar 21 14:51:27 kind-control-plane kubelet[785]: I0321 14:51:27.205928     785 swap_util.go:115] "Swap is on" /proc/swaps contents=<
Mar 21 14:51:27 kind-control-plane kubelet[785]:         Filename                                Type                Size                Used                Priority
Mar 21 14:51:27 kind-control-plane kubelet[785]:         /dev/sdb                                partition        8388608                7132                -2
Mar 21 14:51:27 kind-control-plane kubelet[785]:  >
Mar 21 14:51:27 kind-control-plane kubelet[785]: E0321 14:51:27.208271     785 mount_linux.go:282] Mount failed: exit status 32
Mar 21 14:51:27 kind-control-plane kubelet[785]: Mounting command: mount
Mar 21 14:51:27 kind-control-plane kubelet[785]: Mounting arguments: -t tmpfs -o noswap tmpfs /var/lib/kubelet/tmpfs-noswap-test-1575605596
Mar 21 14:51:27 kind-control-plane kubelet[785]: Output: mount: /var/lib/kubelet/tmpfs-noswap-test-1575605596: wrong fs type, bad option, bad superblock on tmpfs, missing codepage or helper program, or other error.
Mar 21 14:51:27 kind-control-plane kubelet[785]:        dmesg(1) may have more information after failed mount system call.
Mar 21 14:51:27 kind-control-plane kubelet[785]: I0321 14:51:27.208348     785 swap_util.go:87] "error mounting tmpfs with the noswap option. Assuming not supported" error=<
Mar 21 14:51:27 kind-control-plane kubelet[785]:         mount failed: exit status 32
Mar 21 14:51:27 kind-control-plane kubelet[785]:         Mounting command: mount
Mar 21 14:51:27 kind-control-plane kubelet[785]:         Mounting arguments: -t tmpfs -o noswap tmpfs /var/lib/kubelet/tmpfs-noswap-test-1575605596
Mar 21 14:51:27 kind-control-plane kubelet[785]:         Output: mount: /var/lib/kubelet/tmpfs-noswap-test-1575605596: wrong fs type, bad option, bad superblock on tmpfs, missing codepage or helper program, or other error.
Mar 21 14:51:27 kind-control-plane kubelet[785]:                dmesg(1) may have more information after failed mount system call.
Mar 21 14:51:27 kind-control-plane kubelet[785]:  >
Mar 21 14:51:27 kind-control-plane kubelet[785]: I0321 14:51:27.208635     785 container_manager_linux.go:268] "Container manager verified user specified cgroup-root exists" cgroupRoot=["kubelet"]
Mar 21 14:51:27 kind-control-plane kubelet[785]: I0321 14:51:27.208662     785 container_manager_linux.go:273] "Creating Container Manager object based on Node Config" nodeConfig={"NodeName":"kind-control-plane","RuntimeCgroupsName":"/system.slice/containerd.service","SystemCgroupsName":"","KubeletCgroupsName":"","KubeletOOMScoreAdj":-999,"ContainerRuntime":"","CgroupsPerQOS":true,"CgroupRoot":"/kubelet","CgroupDriver":"systemd","KubeletRootDir":"/var/lib/kubelet","ProtectKernelDefaults":false,"KubeReservedCgroupName":"","SystemReservedCgroupName":"","ReservedSystemCPUs":{},"EnforceNodeAllocatable":{"pods":{}},"KubeReserved":null,"SystemReserved":null,"HardEvictionThresholds":[],"QOSReserved":{},"CPUManagerPolicy":"none","CPUManagerPolicyOptions":null,"TopologyManagerScope":"container","CPUManagerReconcilePeriod":10000000000,"ExperimentalMemoryManagerPolicy":"None","ExperimentalMemoryManagerReservedMemory":null,"PodPidsLimit":-1,"EnforceCPULimits":true,"CPUCFSQuotaPeriod":100000000,"TopologyManagerPolicy":"none","TopologyManagerPolicyOptions":null,"CgroupVersion":1}
Mar 21 14:51:27 kind-control-plane kubelet[785]: I0321 14:51:27.208850     785 topology_manager.go:138] "Creating topology manager with none policy"
Mar 21 14:51:27 kind-control-plane kubelet[785]: I0321 14:51:27.208865     785 container_manager_linux.go:304] "Creating device plugin manager"
Mar 21 14:51:27 kind-control-plane kubelet[785]: I0321 14:51:27.208925     785 state_mem.go:36] "Initialized new in-memory state store"
Mar 21 14:51:27 kind-control-plane kubelet[785]: I0321 14:51:27.209113     785 kubelet.go:446] "Attempting to sync node with API server"
Mar 21 14:51:27 kind-control-plane kubelet[785]: I0321 14:51:27.209159     785 kubelet.go:341] "Adding static pod path" path="/etc/kubernetes/manifests"
Mar 21 14:51:27 kind-control-plane kubelet[785]: I0321 14:51:27.209188     785 kubelet.go:352] "Adding apiserver pod source"
Mar 21 14:51:27 kind-control-plane kubelet[785]: I0321 14:51:27.211242     785 apiserver.go:42] "Waiting for node sync before watching apiserver pods"
Mar 21 14:51:27 kind-control-plane kubelet[785]: I0321 14:51:27.217769     785 kuberuntime_manager.go:269] "Container runtime initialized" containerRuntime="containerd" version="v2.0.2" apiVersion="v1"
Mar 21 14:51:27 kind-control-plane kubelet[785]: I0321 14:51:27.220334     785 kubelet.go:890] "Not starting ClusterTrustBundle informer because we are in static kubelet mode"
Mar 21 14:51:27 kind-control-plane kubelet[785]: I0321 14:51:27.221662     785 watchdog_linux.go:99] "Systemd watchdog is not enabled"
Mar 21 14:51:27 kind-control-plane kubelet[785]: I0321 14:51:27.221782     785 server.go:1287] "Started kubelet"
Mar 21 14:51:27 kind-control-plane kubelet[785]: I0321 14:51:27.221923     785 server.go:169] "Starting to listen" address="0.0.0.0" port=10250
Mar 21 14:51:27 kind-control-plane kubelet[785]: I0321 14:51:27.222065     785 ratelimit.go:55] "Setting rate limiting for endpoint" service="podresources" qps=100 burstTokens=10
Mar 21 14:51:27 kind-control-plane kubelet[785]: I0321 14:51:27.222418     785 server.go:243] "Starting to serve the podresources API" endpoint="unix:/var/lib/kubelet/pod-resources/kubelet.sock"
Mar 21 14:51:27 kind-control-plane kubelet[785]: I0321 14:51:27.222835     785 fs_resource_analyzer.go:67] "Starting FS ResourceAnalyzer"
Mar 21 14:51:27 kind-control-plane kubelet[785]: I0321 14:51:27.222980     785 server.go:479] "Adding debug handlers to kubelet server"
Mar 21 14:51:27 kind-control-plane kubelet[785]: I0321 14:51:27.223024     785 volume_manager.go:297] "Starting Kubelet Volume Manager"
Mar 21 14:51:27 kind-control-plane kubelet[785]: I0321 14:51:27.223049     785 dynamic_serving_content.go:135] "Starting controller" name="kubelet-server-cert-files::/var/lib/kubelet/pki/kubelet.crt::/var/lib/kubelet/pki/kubelet.key"
Mar 21 14:51:27 kind-control-plane kubelet[785]: I0321 14:51:27.223122     785 desired_state_of_world_populator.go:149] "Desired state populator starts to run"
Mar 21 14:51:27 kind-control-plane kubelet[785]: I0321 14:51:27.223323     785 reconciler.go:26] "Reconciler: start to sync state"
Mar 21 14:51:27 kind-control-plane kubelet[785]: I0321 14:51:27.225062     785 factory.go:219] Registration of the crio container factory failed: Get "http://%2Fvar%2Frun%2Fcrio%2Fcrio.sock/info": dial unix /var/run/crio/crio.sock: connect: no such file or directory
Mar 21 14:51:27 kind-control-plane kubelet[785]: I0321 14:51:27.227158     785 factory.go:221] Registration of the containerd container factory successfully
Mar 21 14:51:27 kind-control-plane kubelet[785]: I0321 14:51:27.227188     785 factory.go:221] Registration of the systemd container factory successfully
Mar 21 14:51:27 kind-control-plane kubelet[785]: I0321 14:51:27.233959     785 kubelet_network_linux.go:50] "Initialized iptables rules." protocol="IPv4"
Mar 21 14:51:27 kind-control-plane kubelet[785]: I0321 14:51:27.236638     785 kubelet_network_linux.go:50] "Initialized iptables rules." protocol="IPv6"
Mar 21 14:51:27 kind-control-plane kubelet[785]: I0321 14:51:27.236704     785 status_manager.go:227] "Starting to sync pod status with apiserver"
Mar 21 14:51:27 kind-control-plane kubelet[785]: I0321 14:51:27.236734     785 watchdog_linux.go:127] "Systemd watchdog is not enabled or the interval is invalid, so health checking will not be started."
Mar 21 14:51:27 kind-control-plane kubelet[785]: I0321 14:51:27.236741     785 kubelet.go:2388] "Starting kubelet main sync loop"
Mar 21 14:51:27 kind-control-plane kubelet[785]: E0321 14:51:27.236793     785 kubelet.go:2412] "Skipping pod synchronization" err="[container runtime status check may not have completed yet, PLEG is not healthy: pleg has yet to be successful]"
Mar 21 14:51:27 kind-control-plane kubelet[785]: I0321 14:51:27.267005     785 cpu_manager.go:221] "Starting CPU manager" policy="none"
Mar 21 14:51:27 kind-control-plane kubelet[785]: I0321 14:51:27.267028     785 cpu_manager.go:222] "Reconciling" reconcilePeriod="10s"
Mar 21 14:51:27 kind-control-plane kubelet[785]: I0321 14:51:27.267044     785 state_mem.go:36] "Initialized new in-memory state store"
Mar 21 14:51:27 kind-control-plane kubelet[785]: I0321 14:51:27.267161     785 state_mem.go:88] "Updated default CPUSet" cpuSet=""
Mar 21 14:51:27 kind-control-plane kubelet[785]: I0321 14:51:27.267178     785 state_mem.go:96] "Updated CPUSet assignments" assignments={}
Mar 21 14:51:27 kind-control-plane kubelet[785]: I0321 14:51:27.267190     785 policy_none.go:49] "None policy: Start"
Mar 21 14:51:27 kind-control-plane kubelet[785]: I0321 14:51:27.267196     785 memory_manager.go:186] "Starting memorymanager" policy="None"
Mar 21 14:51:27 kind-control-plane kubelet[785]: I0321 14:51:27.267202     785 state_mem.go:35] "Initializing new in-memory state store"
Mar 21 14:51:27 kind-control-plane kubelet[785]: I0321 14:51:27.267286     785 state_mem.go:75] "Updated machine memory state"
Mar 21 14:51:27 kind-control-plane kubelet[785]: I0321 14:51:27.271973     785 manager.go:519] "Failed to read data from checkpoint" checkpoint="kubelet_internal_checkpoint" err="checkpoint is not found"
Mar 21 14:51:27 kind-control-plane kubelet[785]: I0321 14:51:27.272103     785 eviction_manager.go:189] "Eviction manager: starting control loop"
Mar 21 14:51:27 kind-control-plane kubelet[785]: I0321 14:51:27.272110     785 container_log_manager.go:189] "Initializing container log rotate workers" workers=1 monitorPeriod="10s"
Mar 21 14:51:27 kind-control-plane kubelet[785]: I0321 14:51:27.272316     785 plugin_manager.go:118] "Starting Kubelet Plugin Manager"
Mar 21 14:51:27 kind-control-plane kubelet[785]: E0321 14:51:27.273322     785 eviction_manager.go:267] "eviction manager: failed to check if we have separate container filesystem. Ignoring." err="no imagefs label for configured runtime"
Mar 21 14:51:27 kind-control-plane kubelet[785]: I0321 14:51:27.338851     785 kubelet.go:3200] "Creating a mirror pod for static pod" pod="kube-system/kube-apiserver-kind-control-plane"
Mar 21 14:51:27 kind-control-plane kubelet[785]: I0321 14:51:27.338944     785 kubelet.go:3200] "Creating a mirror pod for static pod" pod="kube-system/kube-scheduler-kind-control-plane"
Mar 21 14:51:27 kind-control-plane kubelet[785]: I0321 14:51:27.339250     785 kubelet.go:3200] "Creating a mirror pod for static pod" pod="kube-system/etcd-kind-control-plane"
Mar 21 14:51:27 kind-control-plane kubelet[785]: I0321 14:51:27.339446     785 kubelet.go:3200] "Creating a mirror pod for static pod" pod="kube-system/kube-controller-manager-kind-control-plane"
Mar 21 14:51:27 kind-control-plane kubelet[785]: E0321 14:51:27.357080     785 kubelet.go:3202] "Failed creating a mirror pod" err="pods \"etcd-kind-control-plane\" already exists" pod="kube-system/etcd-kind-control-plane"
Mar 21 14:51:27 kind-control-plane kubelet[785]: I0321 14:51:27.378226     785 kubelet_node_status.go:76] "Attempting to register node" node="kind-control-plane"
Mar 21 14:51:27 kind-control-plane kubelet[785]: I0321 14:51:27.393265     785 kubelet_node_status.go:125] "Node was previously registered" node="kind-control-plane"
Mar 21 14:51:27 kind-control-plane kubelet[785]: I0321 14:51:27.393437     785 kubelet_node_status.go:79] "Successfully registered node" node="kind-control-plane"
Mar 21 14:51:27 kind-control-plane kubelet[785]: I0321 14:51:27.524036     785 reconciler_common.go:251] "operationExecutor.VerifyControllerAttachedVolume started for volume \"etcd-data\" (UniqueName: \"kubernetes.io/host-path/dd131b44f2cb818f764811cd71cc66de-etcd-data\") pod \"etcd-kind-control-plane\" (UID: \"dd131b44f2cb818f764811cd71cc66de\") " pod="kube-system/etcd-kind-control-plane"
Mar 21 14:51:27 kind-control-plane kubelet[785]: I0321 14:51:27.524078     785 reconciler_common.go:251] "operationExecutor.VerifyControllerAttachedVolume started for volume \"usr-local-share-ca-certificates\" (UniqueName: \"kubernetes.io/host-path/9566ae975d467746cc50ef4e5d5d0862-usr-local-share-ca-certificates\") pod \"kube-apiserver-kind-control-plane\" (UID: \"9566ae975d467746cc50ef4e5d5d0862\") " pod="kube-system/kube-apiserver-kind-control-plane"
Mar 21 14:51:27 kind-control-plane kubelet[785]: I0321 14:51:27.524102     785 reconciler_common.go:251] "operationExecutor.VerifyControllerAttachedVolume started for volume \"kubeconfig\" (UniqueName: \"kubernetes.io/host-path/e4fca0816c3adbeece94dfb70e7cae93-kubeconfig\") pod \"kube-controller-manager-kind-control-plane\" (UID: \"e4fca0816c3adbeece94dfb70e7cae93\") " pod="kube-system/kube-controller-manager-kind-control-plane"
Mar 21 14:51:27 kind-control-plane kubelet[785]: I0321 14:51:27.524124     785 reconciler_common.go:251] "operationExecutor.VerifyControllerAttachedVolume started for volume \"usr-local-share-ca-certificates\" (UniqueName: \"kubernetes.io/host-path/e4fca0816c3adbeece94dfb70e7cae93-usr-local-share-ca-certificates\") pod \"kube-controller-manager-kind-control-plane\" (UID: \"e4fca0816c3adbeece94dfb70e7cae93\") " pod="kube-system/kube-controller-manager-kind-control-plane"
Mar 21 14:51:27 kind-control-plane kubelet[785]: I0321 14:51:27.524135     785 reconciler_common.go:251] "operationExecutor.VerifyControllerAttachedVolume started for volume \"flexvolume-dir\" (UniqueName: \"kubernetes.io/host-path/e4fca0816c3adbeece94dfb70e7cae93-flexvolume-dir\") pod \"kube-controller-manager-kind-control-plane\" (UID: \"e4fca0816c3adbeece94dfb70e7cae93\") " pod="kube-system/kube-controller-manager-kind-control-plane"
Mar 21 14:51:27 kind-control-plane kubelet[785]: I0321 14:51:27.524188     785 reconciler_common.go:251] "operationExecutor.VerifyControllerAttachedVolume started for volume \"usr-share-ca-certificates\" (UniqueName: \"kubernetes.io/host-path/e4fca0816c3adbeece94dfb70e7cae93-usr-share-ca-certificates\") pod \"kube-controller-manager-kind-control-plane\" (UID: \"e4fca0816c3adbeece94dfb70e7cae93\") " pod="kube-system/kube-controller-manager-kind-control-plane"
Mar 21 14:51:27 kind-control-plane kubelet[785]: I0321 14:51:27.524198     785 reconciler_common.go:251] "operationExecutor.VerifyControllerAttachedVolume started for volume \"kubeconfig\" (UniqueName: \"kubernetes.io/host-path/e466f1f8e9429967fe50820f5857e823-kubeconfig\") pod \"kube-scheduler-kind-control-plane\" (UID: \"e466f1f8e9429967fe50820f5857e823\") " pod="kube-system/kube-scheduler-kind-control-plane"
Mar 21 14:51:27 kind-control-plane kubelet[785]: I0321 14:51:27.524239     785 reconciler_common.go:251] "operationExecutor.VerifyControllerAttachedVolume started for volume \"ca-certs\" (UniqueName: \"kubernetes.io/host-path/9566ae975d467746cc50ef4e5d5d0862-ca-certs\") pod \"kube-apiserver-kind-control-plane\" (UID: \"9566ae975d467746cc50ef4e5d5d0862\") " pod="kube-system/kube-apiserver-kind-control-plane"
Mar 21 14:51:27 kind-control-plane kubelet[785]: I0321 14:51:27.524277     785 reconciler_common.go:251] "operationExecutor.VerifyControllerAttachedVolume started for volume \"usr-share-ca-certificates\" (UniqueName: \"kubernetes.io/host-path/9566ae975d467746cc50ef4e5d5d0862-usr-share-ca-certificates\") pod \"kube-apiserver-kind-control-plane\" (UID: \"9566ae975d467746cc50ef4e5d5d0862\") " pod="kube-system/kube-apiserver-kind-control-plane"
Mar 21 14:51:27 kind-control-plane kubelet[785]: I0321 14:51:27.524299     785 reconciler_common.go:251] "operationExecutor.VerifyControllerAttachedVolume started for volume \"ca-certs\" (UniqueName: \"kubernetes.io/host-path/e4fca0816c3adbeece94dfb70e7cae93-ca-certs\") pod \"kube-controller-manager-kind-control-plane\" (UID: \"e4fca0816c3adbeece94dfb70e7cae93\") " pod="kube-system/kube-controller-manager-kind-control-plane"
Mar 21 14:51:27 kind-control-plane kubelet[785]: I0321 14:51:27.524321     785 reconciler_common.go:251] "operationExecutor.VerifyControllerAttachedVolume started for volume \"k8s-certs\" (UniqueName: \"kubernetes.io/host-path/9566ae975d467746cc50ef4e5d5d0862-k8s-certs\") pod \"kube-apiserver-kind-control-plane\" (UID: \"9566ae975d467746cc50ef4e5d5d0862\") " pod="kube-system/kube-apiserver-kind-control-plane"
Mar 21 14:51:27 kind-control-plane kubelet[785]: I0321 14:51:27.524362     785 reconciler_common.go:251] "operationExecutor.VerifyControllerAttachedVolume started for volume \"etcd-certs\" (UniqueName: \"kubernetes.io/host-path/dd131b44f2cb818f764811cd71cc66de-etcd-certs\") pod \"etcd-kind-control-plane\" (UID: \"dd131b44f2cb818f764811cd71cc66de\") " pod="kube-system/etcd-kind-control-plane"
Mar 21 14:51:27 kind-control-plane kubelet[785]: I0321 14:51:27.524384     785 reconciler_common.go:251] "operationExecutor.VerifyControllerAttachedVolume started for volume \"etc-ca-certificates\" (UniqueName: \"kubernetes.io/host-path/9566ae975d467746cc50ef4e5d5d0862-etc-ca-certificates\") pod \"kube-apiserver-kind-control-plane\" (UID: \"9566ae975d467746cc50ef4e5d5d0862\") " pod="kube-system/kube-apiserver-kind-control-plane"
Mar 21 14:51:27 kind-control-plane kubelet[785]: I0321 14:51:27.524495     785 reconciler_common.go:251] "operationExecutor.VerifyControllerAttachedVolume started for volume \"etc-ca-certificates\" (UniqueName: \"kubernetes.io/host-path/e4fca0816c3adbeece94dfb70e7cae93-etc-ca-certificates\") pod \"kube-controller-manager-kind-control-plane\" (UID: \"e4fca0816c3adbeece94dfb70e7cae93\") " pod="kube-system/kube-controller-manager-kind-control-plane"
Mar 21 14:51:27 kind-control-plane kubelet[785]: I0321 14:51:27.524534     785 reconciler_common.go:251] "operationExecutor.VerifyControllerAttachedVolume started for volume \"k8s-certs\" (UniqueName: \"kubernetes.io/host-path/e4fca0816c3adbeece94dfb70e7cae93-k8s-certs\") pod \"kube-controller-manager-kind-control-plane\" (UID: \"e4fca0816c3adbeece94dfb70e7cae93\") " pod="kube-system/kube-controller-manager-kind-control-plane"
Mar 21 14:51:28 kind-control-plane kubelet[785]: I0321 14:51:28.212188     785 apiserver.go:52] "Watching apiserver"
Mar 21 14:51:28 kind-control-plane kubelet[785]: I0321 14:51:28.223797     785 desired_state_of_world_populator.go:157] "Finished populating initial desired state of world"
Mar 21 14:51:28 kind-control-plane kubelet[785]: I0321 14:51:28.241820     785 pod_startup_latency_tracker.go:104] "Observed pod startup duration" pod="kube-system/kube-controller-manager-kind-control-plane" podStartSLOduration=1.241611641 podStartE2EDuration="1.241611641s" podCreationTimestamp="2025-03-21 14:51:27 +0000 UTC" firstStartedPulling="0001-01-01 00:00:00 +0000 UTC" lastFinishedPulling="0001-01-01 00:00:00 +0000 UTC" observedRunningTime="2025-03-21 14:51:28.241567491 +0000 UTC m=+1.099456671" watchObservedRunningTime="2025-03-21 14:51:28.241611641 +0000 UTC m=+1.099500818"
Mar 21 14:51:28 kind-control-plane kubelet[785]: I0321 14:51:28.250294     785 kubelet.go:3200] "Creating a mirror pod for static pod" pod="kube-system/kube-apiserver-kind-control-plane"
Mar 21 14:51:28 kind-control-plane kubelet[785]: I0321 14:51:28.250672     785 kubelet.go:3200] "Creating a mirror pod for static pod" pod="kube-system/etcd-kind-control-plane"
Mar 21 14:51:28 kind-control-plane kubelet[785]: I0321 14:51:28.250905     785 kubelet.go:3200] "Creating a mirror pod for static pod" pod="kube-system/kube-scheduler-kind-control-plane"
Mar 21 14:51:28 kind-control-plane kubelet[785]: E0321 14:51:28.262526     785 kubelet.go:3202] "Failed creating a mirror pod" err="pods \"kube-scheduler-kind-control-plane\" already exists" pod="kube-system/kube-scheduler-kind-control-plane"
Mar 21 14:51:28 kind-control-plane kubelet[785]: E0321 14:51:28.263561     785 kubelet.go:3202] "Failed creating a mirror pod" err="pods \"kube-apiserver-kind-control-plane\" already exists" pod="kube-system/kube-apiserver-kind-control-plane"
Mar 21 14:51:28 kind-control-plane kubelet[785]: E0321 14:51:28.263856     785 kubelet.go:3202] "Failed creating a mirror pod" err="pods \"etcd-kind-control-plane\" already exists" pod="kube-system/etcd-kind-control-plane"
Mar 21 14:51:28 kind-control-plane kubelet[785]: I0321 14:51:28.270927     785 pod_startup_latency_tracker.go:104] "Observed pod startup duration" pod="kube-system/etcd-kind-control-plane" podStartSLOduration=3.270905872 podStartE2EDuration="3.270905872s" podCreationTimestamp="2025-03-21 14:51:25 +0000 UTC" firstStartedPulling="0001-01-01 00:00:00 +0000 UTC" lastFinishedPulling="0001-01-01 00:00:00 +0000 UTC" observedRunningTime="2025-03-21 14:51:28.260011161 +0000 UTC m=+1.117900398" watchObservedRunningTime="2025-03-21 14:51:28.270905872 +0000 UTC m=+1.128795052"
Mar 21 14:51:28 kind-control-plane kubelet[785]: I0321 14:51:28.279774     785 pod_startup_latency_tracker.go:104] "Observed pod startup duration" pod="kube-system/kube-apiserver-kind-control-plane" podStartSLOduration=1.279750757 podStartE2EDuration="1.279750757s" podCreationTimestamp="2025-03-21 14:51:27 +0000 UTC" firstStartedPulling="0001-01-01 00:00:00 +0000 UTC" lastFinishedPulling="0001-01-01 00:00:00 +0000 UTC" observedRunningTime="2025-03-21 14:51:28.27108763 +0000 UTC m=+1.128976811" watchObservedRunningTime="2025-03-21 14:51:28.279750757 +0000 UTC m=+1.137639939"
Mar 21 14:51:28 kind-control-plane kubelet[785]: I0321 14:51:28.289813     785 pod_startup_latency_tracker.go:104] "Observed pod startup duration" pod="kube-system/kube-scheduler-kind-control-plane" podStartSLOduration=1.289793345 podStartE2EDuration="1.289793345s" podCreationTimestamp="2025-03-21 14:51:27 +0000 UTC" firstStartedPulling="0001-01-01 00:00:00 +0000 UTC" lastFinishedPulling="0001-01-01 00:00:00 +0000 UTC" observedRunningTime="2025-03-21 14:51:28.28001848 +0000 UTC m=+1.137907657" watchObservedRunningTime="2025-03-21 14:51:28.289793345 +0000 UTC m=+1.147682521"
Mar 21 14:51:31 kind-control-plane kubelet[785]: I0321 14:51:31.302480     785 kuberuntime_manager.go:1702] "Updating runtime config through cri with podcidr" CIDR="10.244.0.0/24"
Mar 21 14:51:31 kind-control-plane kubelet[785]: I0321 14:51:31.303560     785 kubelet_network.go:61] "Updating Pod CIDR" originalPodCIDR="" newPodCIDR="10.244.0.0/24"
Mar 21 14:51:32 kind-control-plane kubelet[785]: I0321 14:51:32.359412     785 reconciler_common.go:251] "operationExecutor.VerifyControllerAttachedVolume started for volume \"cni-cfg\" (UniqueName: \"kubernetes.io/host-path/c7b64498-fe28-42d3-8244-e38a0fbc56a4-cni-cfg\") pod \"kindnet-2bmbv\" (UID: \"c7b64498-fe28-42d3-8244-e38a0fbc56a4\") " pod="kube-system/kindnet-2bmbv"
Mar 21 14:51:32 kind-control-plane kubelet[785]: I0321 14:51:32.359485     785 reconciler_common.go:251] "operationExecutor.VerifyControllerAttachedVolume started for volume \"xtables-lock\" (UniqueName: \"kubernetes.io/host-path/c7b64498-fe28-42d3-8244-e38a0fbc56a4-xtables-lock\") pod \"kindnet-2bmbv\" (UID: \"c7b64498-fe28-42d3-8244-e38a0fbc56a4\") " pod="kube-system/kindnet-2bmbv"
Mar 21 14:51:32 kind-control-plane kubelet[785]: I0321 14:51:32.359505     785 reconciler_common.go:251] "operationExecutor.VerifyControllerAttachedVolume started for volume \"kube-proxy\" (UniqueName: \"kubernetes.io/configmap/3e843632-6ff0-4a3c-b453-fb0485688c7c-kube-proxy\") pod \"kube-proxy-5sj54\" (UID: \"3e843632-6ff0-4a3c-b453-fb0485688c7c\") " pod="kube-system/kube-proxy-5sj54"
Mar 21 14:51:32 kind-control-plane kubelet[785]: I0321 14:51:32.359521     785 reconciler_common.go:251] "operationExecutor.VerifyControllerAttachedVolume started for volume \"kube-api-access-ldqmn\" (UniqueName: \"kubernetes.io/projected/3e843632-6ff0-4a3c-b453-fb0485688c7c-kube-api-access-ldqmn\") pod \"kube-proxy-5sj54\" (UID: \"3e843632-6ff0-4a3c-b453-fb0485688c7c\") " pod="kube-system/kube-proxy-5sj54"
Mar 21 14:51:32 kind-control-plane kubelet[785]: I0321 14:51:32.359542     785 reconciler_common.go:251] "operationExecutor.VerifyControllerAttachedVolume started for volume \"lib-modules\" (UniqueName: \"kubernetes.io/host-path/c7b64498-fe28-42d3-8244-e38a0fbc56a4-lib-modules\") pod \"kindnet-2bmbv\" (UID: \"c7b64498-fe28-42d3-8244-e38a0fbc56a4\") " pod="kube-system/kindnet-2bmbv"
Mar 21 14:51:32 kind-control-plane kubelet[785]: I0321 14:51:32.359554     785 reconciler_common.go:251] "operationExecutor.VerifyControllerAttachedVolume started for volume \"kube-api-access-4dbk9\" (UniqueName: \"kubernetes.io/projected/c7b64498-fe28-42d3-8244-e38a0fbc56a4-kube-api-access-4dbk9\") pod \"kindnet-2bmbv\" (UID: \"c7b64498-fe28-42d3-8244-e38a0fbc56a4\") " pod="kube-system/kindnet-2bmbv"
Mar 21 14:51:32 kind-control-plane kubelet[785]: I0321 14:51:32.359569     785 reconciler_common.go:251] "operationExecutor.VerifyControllerAttachedVolume started for volume \"xtables-lock\" (UniqueName: \"kubernetes.io/host-path/3e843632-6ff0-4a3c-b453-fb0485688c7c-xtables-lock\") pod \"kube-proxy-5sj54\" (UID: \"3e843632-6ff0-4a3c-b453-fb0485688c7c\") " pod="kube-system/kube-proxy-5sj54"
Mar 21 14:51:32 kind-control-plane kubelet[785]: I0321 14:51:32.359581     785 reconciler_common.go:251] "operationExecutor.VerifyControllerAttachedVolume started for volume \"lib-modules\" (UniqueName: \"kubernetes.io/host-path/3e843632-6ff0-4a3c-b453-fb0485688c7c-lib-modules\") pod \"kube-proxy-5sj54\" (UID: \"3e843632-6ff0-4a3c-b453-fb0485688c7c\") " pod="kube-system/kube-proxy-5sj54"
Mar 21 14:51:34 kind-control-plane kubelet[785]: I0321 14:51:34.295604     785 pod_startup_latency_tracker.go:104] "Observed pod startup duration" pod="kube-system/kindnet-2bmbv" podStartSLOduration=2.295559242 podStartE2EDuration="2.295559242s" podCreationTimestamp="2025-03-21 14:51:32 +0000 UTC" firstStartedPulling="0001-01-01 00:00:00 +0000 UTC" lastFinishedPulling="0001-01-01 00:00:00 +0000 UTC" observedRunningTime="2025-03-21 14:51:34.293599277 +0000 UTC m=+7.151488458" watchObservedRunningTime="2025-03-21 14:51:34.295559242 +0000 UTC m=+7.153448471"
Mar 21 14:51:34 kind-control-plane kubelet[785]: I0321 14:51:34.296219     785 pod_startup_latency_tracker.go:104] "Observed pod startup duration" pod="kube-system/kube-proxy-5sj54" podStartSLOduration=2.2961929469999998 podStartE2EDuration="2.296192947s" podCreationTimestamp="2025-03-21 14:51:32 +0000 UTC" firstStartedPulling="0001-01-01 00:00:00 +0000 UTC" lastFinishedPulling="0001-01-01 00:00:00 +0000 UTC" observedRunningTime="2025-03-21 14:51:33.276631974 +0000 UTC m=+6.134521150" watchObservedRunningTime="2025-03-21 14:51:34.296192947 +0000 UTC m=+7.154082187"
Mar 21 14:51:44 kind-control-plane kubelet[785]: I0321 14:51:44.686395     785 kubelet_node_status.go:502] "Fast updating node status as it just became ready"
Mar 21 14:51:44 kind-control-plane kubelet[785]: I0321 14:51:44.844136     785 reconciler_common.go:251] "operationExecutor.VerifyControllerAttachedVolume started for volume \"config-volume\" (UniqueName: \"kubernetes.io/configmap/97e74139-d645-4eee-9564-3b9f33479b59-config-volume\") pod \"coredns-668d6bf9bc-nnbgv\" (UID: \"97e74139-d645-4eee-9564-3b9f33479b59\") " pod="kube-system/coredns-668d6bf9bc-nnbgv"
Mar 21 14:51:44 kind-control-plane kubelet[785]: I0321 14:51:44.844235     785 reconciler_common.go:251] "operationExecutor.VerifyControllerAttachedVolume started for volume \"kube-api-access-v2mmn\" (UniqueName: \"kubernetes.io/projected/97e74139-d645-4eee-9564-3b9f33479b59-kube-api-access-v2mmn\") pod \"coredns-668d6bf9bc-nnbgv\" (UID: \"97e74139-d645-4eee-9564-3b9f33479b59\") " pod="kube-system/coredns-668d6bf9bc-nnbgv"
Mar 21 14:51:44 kind-control-plane kubelet[785]: I0321 14:51:44.844265     785 reconciler_common.go:251] "operationExecutor.VerifyControllerAttachedVolume started for volume \"config-volume\" (UniqueName: \"kubernetes.io/configmap/f30909e5-6876-4b6d-9a03-eae2f8a5090c-config-volume\") pod \"local-path-provisioner-7dc846544d-tv2vd\" (UID: \"f30909e5-6876-4b6d-9a03-eae2f8a5090c\") " pod="local-path-storage/local-path-provisioner-7dc846544d-tv2vd"
Mar 21 14:51:44 kind-control-plane kubelet[785]: I0321 14:51:44.844288     785 reconciler_common.go:251] "operationExecutor.VerifyControllerAttachedVolume started for volume \"kube-api-access-6x6dm\" (UniqueName: \"kubernetes.io/projected/f30909e5-6876-4b6d-9a03-eae2f8a5090c-kube-api-access-6x6dm\") pod \"local-path-provisioner-7dc846544d-tv2vd\" (UID: \"f30909e5-6876-4b6d-9a03-eae2f8a5090c\") " pod="local-path-storage/local-path-provisioner-7dc846544d-tv2vd"
Mar 21 14:51:44 kind-control-plane kubelet[785]: I0321 14:51:44.844312     785 reconciler_common.go:251] "operationExecutor.VerifyControllerAttachedVolume started for volume \"kube-api-access-vhbcg\" (UniqueName: \"kubernetes.io/projected/c1ebac98-f89d-4559-9478-2025627dbb6e-kube-api-access-vhbcg\") pod \"coredns-668d6bf9bc-79t94\" (UID: \"c1ebac98-f89d-4559-9478-2025627dbb6e\") " pod="kube-system/coredns-668d6bf9bc-79t94"
Mar 21 14:51:44 kind-control-plane kubelet[785]: I0321 14:51:44.844333     785 reconciler_common.go:251] "operationExecutor.VerifyControllerAttachedVolume started for volume \"config-volume\" (UniqueName: \"kubernetes.io/configmap/c1ebac98-f89d-4559-9478-2025627dbb6e-config-volume\") pod \"coredns-668d6bf9bc-79t94\" (UID: \"c1ebac98-f89d-4559-9478-2025627dbb6e\") " pod="kube-system/coredns-668d6bf9bc-79t94"
Mar 21 14:51:47 kind-control-plane kubelet[785]: I0321 14:51:47.390960     785 pod_startup_latency_tracker.go:104] "Observed pod startup duration" pod="kube-system/coredns-668d6bf9bc-nnbgv" podStartSLOduration=15.390929078 podStartE2EDuration="15.390929078s" podCreationTimestamp="2025-03-21 14:51:32 +0000 UTC" firstStartedPulling="0001-01-01 00:00:00 +0000 UTC" lastFinishedPulling="0001-01-01 00:00:00 +0000 UTC" observedRunningTime="2025-03-21 14:51:47.373640009 +0000 UTC m=+20.231529238" watchObservedRunningTime="2025-03-21 14:51:47.390929078 +0000 UTC m=+20.248818271"
Mar 21 14:51:47 kind-control-plane kubelet[785]: I0321 14:51:47.391175     785 pod_startup_latency_tracker.go:104] "Observed pod startup duration" pod="local-path-storage/local-path-provisioner-7dc846544d-tv2vd" podStartSLOduration=15.391160851 podStartE2EDuration="15.391160851s" podCreationTimestamp="2025-03-21 14:51:32 +0000 UTC" firstStartedPulling="0001-01-01 00:00:00 +0000 UTC" lastFinishedPulling="0001-01-01 00:00:00 +0000 UTC" observedRunningTime="2025-03-21 14:51:47.390612316 +0000 UTC m=+20.248501498" watchObservedRunningTime="2025-03-21 14:51:47.391160851 +0000 UTC m=+20.249050069"
Mar 21 14:51:47 kind-control-plane kubelet[785]: I0321 14:51:47.403387     785 pod_startup_latency_tracker.go:104] "Observed pod startup duration" pod="kube-system/coredns-668d6bf9bc-79t94" podStartSLOduration=15.403364552 podStartE2EDuration="15.403364552s" podCreationTimestamp="2025-03-21 14:51:32 +0000 UTC" firstStartedPulling="0001-01-01 00:00:00 +0000 UTC" lastFinishedPulling="0001-01-01 00:00:00 +0000 UTC" observedRunningTime="2025-03-21 14:51:47.4028755 +0000 UTC m=+20.260764681" watchObservedRunningTime="2025-03-21 14:51:47.403364552 +0000 UTC m=+20.261253728"
